{"/Users/mac/Workspace/components/compounds/src/Button.js": {"path":"/Users/mac/Workspace/components/compounds/src/Button.js","statementMap":{"0":{"start":{"line":4,"column":15},"end":{"line":20,"column":1}},"1":{"start":{"line":6,"column":49},"end":{"line":6,"column":54}},"2":{"start":{"line":8,"column":16},"end":{"line":8,"column":64}},"3":{"start":{"line":10,"column":2},"end":{"line":12,"column":3}},"4":{"start":{"line":11,"column":4},"end":{"line":11,"column":29}},"5":{"start":{"line":13,"column":2},"end":{"line":15,"column":3}},"6":{"start":{"line":14,"column":4},"end":{"line":14,"column":87}},"7":{"start":{"line":18,"column":2},"end":{"line":18,"column":73}},"8":{"start":{"line":26,"column":0},"end":{"line":30,"column":2}}},"fnMap":{"0":{"name":"(anonymous_0)","decl":{"start":{"line":4,"column":15},"end":{"line":4,"column":16}},"loc":{"start":{"line":4,"column":26},"end":{"line":20,"column":1}},"line":4}},"branchMap":{"0":{"loc":{"start":{"line":8,"column":16},"end":{"line":8,"column":64}},"type":"cond-expr","locations":[{"start":{"line":8,"column":29},"end":{"line":8,"column":37}},{"start":{"line":8,"column":40},"end":{"line":8,"column":64}}],"line":8},"1":{"loc":{"start":{"line":10,"column":2},"end":{"line":12,"column":3}},"type":"if","locations":[{"start":{"line":10,"column":2},"end":{"line":12,"column":3}},{"start":{"line":10,"column":2},"end":{"line":12,"column":3}}],"line":10},"2":{"loc":{"start":{"line":13,"column":2},"end":{"line":15,"column":3}},"type":"if","locations":[{"start":{"line":13,"column":2},"end":{"line":15,"column":3}},{"start":{"line":13,"column":2},"end":{"line":15,"column":3}}],"line":13},"3":{"loc":{"start":{"line":14,"column":14},"end":{"line":14,"column":86}},"type":"cond-expr","locations":[{"start":{"line":14,"column":27},"end":{"line":14,"column":47}},{"start":{"line":14,"column":50},"end":{"line":14,"column":86}}],"line":14}},"s":{"0":12,"1":22,"2":22,"3":22,"4":0,"5":22,"6":10,"7":22,"8":12},"f":{"0":22},"b":{"0":[13,9],"1":[0,22],"2":[10,12],"3":[7,3]},"_coverageSchema":"332fd63041d2c1bcb487cc26dd0d5f7d97098a6c","hash":"cf310e7b659c3414bb10224a04f48a415a5b1f28"}
,"/Users/mac/Workspace/components/compounds/src/Icon.js": {"path":"/Users/mac/Workspace/components/compounds/src/Icon.js","statementMap":{"0":{"start":{"line":6,"column":13},"end":{"line":23,"column":1}},"1":{"start":{"line":8,"column":29},"end":{"line":8,"column":34}},"2":{"start":{"line":10,"column":15},"end":{"line":10,"column":48}},"3":{"start":{"line":12,"column":2},"end":{"line":22,"column":6}},"4":{"start":{"line":29,"column":0},"end":{"line":32,"column":2}}},"fnMap":{"0":{"name":"(anonymous_0)","decl":{"start":{"line":6,"column":13},"end":{"line":6,"column":14}},"loc":{"start":{"line":6,"column":24},"end":{"line":23,"column":1}},"line":6}},"branchMap":{"0":{"loc":{"start":{"line":10,"column":15},"end":{"line":10,"column":48}},"type":"cond-expr","locations":[{"start":{"line":10,"column":28},"end":{"line":10,"column":41}},{"start":{"line":10,"column":44},"end":{"line":10,"column":48}}],"line":10},"1":{"loc":{"start":{"line":14,"column":30},"end":{"line":14,"column":53}},"type":"cond-expr","locations":[{"start":{"line":14,"column":41},"end":{"line":14,"column":46}},{"start":{"line":14,"column":49},"end":{"line":14,"column":53}}],"line":14},"2":{"loc":{"start":{"line":15,"column":30},"end":{"line":15,"column":53}},"type":"cond-expr","locations":[{"start":{"line":15,"column":41},"end":{"line":15,"column":46}},{"start":{"line":15,"column":49},"end":{"line":15,"column":53}}],"line":15},"3":{"loc":{"start":{"line":19,"column":12},"end":{"line":19,"column":59}},"type":"binary-expr","locations":[{"start":{"line":19,"column":12},"end":{"line":19,"column":20}},{"start":{"line":19,"column":24},"end":{"line":19,"column":59}}],"line":19}},"s":{"0":12,"1":9,"2":9,"3":9,"4":12},"f":{"0":9},"b":{"0":[6,3],"1":[6,3],"2":[6,3],"3":[9,6]},"_coverageSchema":"332fd63041d2c1bcb487cc26dd0d5f7d97098a6c","hash":"8ea54275c01d18490c085b124107130d280226b3"}
,"/Users/mac/Workspace/components/compounds/src/MultiLineText.js": {"path":"/Users/mac/Workspace/components/compounds/src/MultiLineText.js","statementMap":{"0":{"start":{"line":8,"column":4},"end":{"line":8,"column":17}},"1":{"start":{"line":9,"column":4},"end":{"line":9,"column":20}},"2":{"start":{"line":11,"column":4},"end":{"line":11,"column":65}},"3":{"start":{"line":15,"column":4},"end":{"line":15,"column":32}},"4":{"start":{"line":21,"column":99},"end":{"line":21,"column":109}},"5":{"start":{"line":22,"column":78},"end":{"line":22,"column":88}},"6":{"start":{"line":24,"column":17},"end":{"line":24,"column":80}},"7":{"start":{"line":25,"column":31},"end":{"line":25,"column":74}},"8":{"start":{"line":27,"column":6},"end":{"line":47,"column":7}},"9":{"start":{"line":39,"column":41},"end":{"line":39,"column":92}},"10":{"start":{"line":40,"column":41},"end":{"line":40,"column":87}},"11":{"start":{"line":57,"column":0},"end":{"line":65,"column":2}},"12":{"start":{"line":70,"column":72},"end":{"line":70,"column":82}},"13":{"start":{"line":71,"column":25},"end":{"line":71,"column":35}},"14":{"start":{"line":73,"column":2},"end":{"line":93,"column":3}},"15":{"start":{"line":75,"column":6},"end":{"line":75,"column":64}},"16":{"start":{"line":76,"column":6},"end":{"line":76,"column":50}},"17":{"start":{"line":77,"column":6},"end":{"line":77,"column":64}},"18":{"start":{"line":78,"column":6},"end":{"line":78,"column":12}},"19":{"start":{"line":80,"column":6},"end":{"line":80,"column":51}},"20":{"start":{"line":81,"column":6},"end":{"line":81,"column":53}},"21":{"start":{"line":82,"column":6},"end":{"line":82,"column":51}},"22":{"start":{"line":83,"column":6},"end":{"line":83,"column":12}},"23":{"start":{"line":85,"column":6},"end":{"line":85,"column":51}},"24":{"start":{"line":86,"column":6},"end":{"line":86,"column":53}},"25":{"start":{"line":87,"column":6},"end":{"line":87,"column":51}},"26":{"start":{"line":88,"column":6},"end":{"line":88,"column":12}},"27":{"start":{"line":90,"column":6},"end":{"line":90,"column":51}},"28":{"start":{"line":91,"column":6},"end":{"line":91,"column":43}},"29":{"start":{"line":92,"column":6},"end":{"line":92,"column":64}},"30":{"start":{"line":95,"column":2},"end":{"line":95,"column":34}},"31":{"start":{"line":97,"column":2},"end":{"line":97,"column":79}}},"fnMap":{"0":{"name":"(anonymous_0)","decl":{"start":{"line":7,"column":2},"end":{"line":7,"column":3}},"loc":{"start":{"line":7,"column":21},"end":{"line":12,"column":3}},"line":7},"1":{"name":"(anonymous_1)","decl":{"start":{"line":14,"column":2},"end":{"line":14,"column":3}},"loc":{"start":{"line":14,"column":22},"end":{"line":16,"column":3}},"line":14},"2":{"name":"(anonymous_2)","decl":{"start":{"line":19,"column":2},"end":{"line":19,"column":3}},"loc":{"start":{"line":19,"column":11},"end":{"line":49,"column":3}},"line":19},"3":{"name":"(anonymous_3)","decl":{"start":{"line":39,"column":35},"end":{"line":39,"column":36}},"loc":{"start":{"line":39,"column":41},"end":{"line":39,"column":92}},"line":39},"4":{"name":"(anonymous_4)","decl":{"start":{"line":40,"column":35},"end":{"line":40,"column":36}},"loc":{"start":{"line":40,"column":41},"end":{"line":40,"column":87}},"line":40},"5":{"name":"_applyMultiLineStyles","decl":{"start":{"line":68,"column":9},"end":{"line":68,"column":30}},"loc":{"start":{"line":68,"column":33},"end":{"line":99,"column":1}},"line":68}},"branchMap":{"0":{"loc":{"start":{"line":24,"column":17},"end":{"line":24,"column":80}},"type":"cond-expr","locations":[{"start":{"line":24,"column":60},"end":{"line":24,"column":75}},{"start":{"line":24,"column":78},"end":{"line":24,"column":80}}],"line":24},"1":{"loc":{"start":{"line":24,"column":18},"end":{"line":24,"column":56}},"type":"binary-expr","locations":[{"start":{"line":24,"column":18},"end":{"line":24,"column":40}},{"start":{"line":24,"column":44},"end":{"line":24,"column":56}}],"line":24},"2":{"loc":{"start":{"line":25,"column":37},"end":{"line":25,"column":73}},"type":"cond-expr","locations":[{"start":{"line":25,"column":53},"end":{"line":25,"column":68}},{"start":{"line":25,"column":71},"end":{"line":25,"column":73}}],"line":25},"3":{"loc":{"start":{"line":44,"column":13},"end":{"line":44,"column":111}},"type":"binary-expr","locations":[{"start":{"line":44,"column":13},"end":{"line":44,"column":24}},{"start":{"line":44,"column":29},"end":{"line":44,"column":111}}],"line":44},"4":{"loc":{"start":{"line":45,"column":13},"end":{"line":45,"column":138}},"type":"binary-expr","locations":[{"start":{"line":45,"column":13},"end":{"line":45,"column":35}},{"start":{"line":45,"column":39},"end":{"line":45,"column":51}},{"start":{"line":45,"column":55},"end":{"line":45,"column":138}}],"line":45},"5":{"loc":{"start":{"line":73,"column":2},"end":{"line":93,"column":3}},"type":"switch","locations":[{"start":{"line":74,"column":4},"end":{"line":78,"column":12}},{"start":{"line":79,"column":4},"end":{"line":83,"column":12}},{"start":{"line":84,"column":4},"end":{"line":88,"column":12}},{"start":{"line":89,"column":4},"end":{"line":92,"column":64}}],"line":73}},"s":{"0":5,"1":5,"2":5,"3":4,"4":9,"5":9,"6":9,"7":9,"8":9,"9":0,"10":0,"11":12,"12":4,"13":4,"14":4,"15":1,"16":1,"17":1,"18":1,"19":0,"20":0,"21":0,"22":0,"23":1,"24":1,"25":1,"26":1,"27":2,"28":2,"29":2,"30":4,"31":4},"f":{"0":5,"1":4,"2":9,"3":0,"4":0,"5":4},"b":{"0":[0,9],"1":[9,2],"2":[0,9],"3":[9,0],"4":[9,2,0],"5":[1,0,1,2]},"_coverageSchema":"332fd63041d2c1bcb487cc26dd0d5f7d97098a6c","hash":"5da6c7dfdcbe432b5cdd4efbddaa0d8f3ac784f3"}
,"/Users/mac/Workspace/components/compounds/src/RadioCheckGroup.js": {"path":"/Users/mac/Workspace/components/compounds/src/RadioCheckGroup.js","statementMap":{"0":{"start":{"line":5,"column":24},"end":{"line":39,"column":3}},"1":{"start":{"line":7,"column":83},"end":{"line":7,"column":88}},"2":{"start":{"line":9,"column":2},"end":{"line":38,"column":5}},"3":{"start":{"line":13,"column":12},"end":{"line":34,"column":17}},"4":{"start":{"line":20,"column":156},"end":{"line":20,"column":181}},"5":{"start":{"line":45,"column":0},"end":{"line":52,"column":2}}},"fnMap":{"0":{"name":"(anonymous_0)","decl":{"start":{"line":5,"column":24},"end":{"line":5,"column":25}},"loc":{"start":{"line":5,"column":35},"end":{"line":39,"column":3}},"line":5},"1":{"name":"(anonymous_1)","decl":{"start":{"line":12,"column":36},"end":{"line":12,"column":37}},"loc":{"start":{"line":12,"column":48},"end":{"line":35,"column":13}},"line":12},"2":{"name":"(anonymous_2)","decl":{"start":{"line":20,"column":151},"end":{"line":20,"column":152}},"loc":{"start":{"line":20,"column":156},"end":{"line":20,"column":181}},"line":20}},"branchMap":{"0":{"loc":{"start":{"line":14,"column":62},"end":{"line":14,"column":110}},"type":"cond-expr","locations":[{"start":{"line":14,"column":86},"end":{"line":14,"column":96}},{"start":{"line":14,"column":97},"end":{"line":14,"column":110}}],"line":14},"1":{"loc":{"start":{"line":20,"column":39},"end":{"line":20,"column":194}},"type":"cond-expr","locations":[{"start":{"line":20,"column":68},"end":{"line":20,"column":119}},{"start":{"line":20,"column":123},"end":{"line":20,"column":193}}],"line":20},"2":{"loc":{"start":{"line":28,"column":39},"end":{"line":28,"column":102}},"type":"cond-expr","locations":[{"start":{"line":28,"column":59},"end":{"line":28,"column":79}},{"start":{"line":28,"column":80},"end":{"line":28,"column":102}}],"line":28},"3":{"loc":{"start":{"line":30,"column":40},"end":{"line":30,"column":96}},"type":"cond-expr","locations":[{"start":{"line":30,"column":60},"end":{"line":30,"column":81}},{"start":{"line":30,"column":82},"end":{"line":30,"column":96}}],"line":30}},"s":{"0":12,"1":1,"2":1,"3":2,"4":4,"5":12},"f":{"0":1,"1":2,"2":4},"b":{"0":[2,0],"1":[0,2],"2":[2,0],"3":[2,0]},"_coverageSchema":"332fd63041d2c1bcb487cc26dd0d5f7d97098a6c","hash":"7c1238bae8216d5719968e8f2fa465a7a123e043"}
,"/Users/mac/Workspace/components/compounds/src/Select.js": {"path":"/Users/mac/Workspace/components/compounds/src/Select.js","statementMap":{"0":{"start":{"line":9,"column":4},"end":{"line":9,"column":17}},"1":{"start":{"line":10,"column":4},"end":{"line":10,"column":20}},"2":{"start":{"line":12,"column":4},"end":{"line":12,"column":59}},"3":{"start":{"line":17,"column":4},"end":{"line":17,"column":29}},"4":{"start":{"line":23,"column":166},"end":{"line":23,"column":176}},"5":{"start":{"line":24,"column":116},"end":{"line":24,"column":126}},"6":{"start":{"line":26,"column":15},"end":{"line":26,"column":78}},"7":{"start":{"line":27,"column":29},"end":{"line":27,"column":72}},"8":{"start":{"line":29,"column":6},"end":{"line":52,"column":7}},"9":{"start":{"line":40,"column":43},"end":{"line":40,"column":128}},"10":{"start":{"line":41,"column":43},"end":{"line":41,"column":118}},"11":{"start":{"line":44,"column":37},"end":{"line":44,"column":83}},"12":{"start":{"line":62,"column":0},"end":{"line":73,"column":2}},"13":{"start":{"line":78,"column":156},"end":{"line":78,"column":166}},"14":{"start":{"line":79,"column":38},"end":{"line":79,"column":48}},"15":{"start":{"line":81,"column":8},"end":{"line":114,"column":9}},"16":{"start":{"line":83,"column":12},"end":{"line":83,"column":74}},"17":{"start":{"line":84,"column":12},"end":{"line":84,"column":98}},"18":{"start":{"line":85,"column":12},"end":{"line":85,"column":82}},"19":{"start":{"line":86,"column":12},"end":{"line":86,"column":112}},"20":{"start":{"line":87,"column":12},"end":{"line":87,"column":74}},"21":{"start":{"line":88,"column":12},"end":{"line":88,"column":118}},"22":{"start":{"line":89,"column":12},"end":{"line":89,"column":18}},"23":{"start":{"line":91,"column":12},"end":{"line":91,"column":57}},"24":{"start":{"line":92,"column":12},"end":{"line":92,"column":108}},"25":{"start":{"line":93,"column":12},"end":{"line":93,"column":33}},"26":{"start":{"line":94,"column":12},"end":{"line":94,"column":41}},"27":{"start":{"line":95,"column":12},"end":{"line":95,"column":108}},"28":{"start":{"line":96,"column":12},"end":{"line":96,"column":57}},"29":{"start":{"line":97,"column":12},"end":{"line":97,"column":18}},"30":{"start":{"line":99,"column":12},"end":{"line":99,"column":57}},"31":{"start":{"line":100,"column":12},"end":{"line":100,"column":103}},"32":{"start":{"line":101,"column":12},"end":{"line":101,"column":33}},"33":{"start":{"line":102,"column":12},"end":{"line":102,"column":41}},"34":{"start":{"line":103,"column":12},"end":{"line":103,"column":108}},"35":{"start":{"line":104,"column":12},"end":{"line":104,"column":57}},"36":{"start":{"line":105,"column":12},"end":{"line":105,"column":18}},"37":{"start":{"line":107,"column":12},"end":{"line":107,"column":57}},"38":{"start":{"line":108,"column":12},"end":{"line":108,"column":93}},"39":{"start":{"line":109,"column":12},"end":{"line":109,"column":72}},"40":{"start":{"line":110,"column":12},"end":{"line":110,"column":91}},"41":{"start":{"line":111,"column":12},"end":{"line":111,"column":70}},"42":{"start":{"line":113,"column":12},"end":{"line":113,"column":106}},"43":{"start":{"line":116,"column":8},"end":{"line":116,"column":39}},"44":{"start":{"line":117,"column":8},"end":{"line":117,"column":43}},"45":{"start":{"line":119,"column":8},"end":{"line":119,"column":163}}},"fnMap":{"0":{"name":"(anonymous_0)","decl":{"start":{"line":8,"column":2},"end":{"line":8,"column":3}},"loc":{"start":{"line":8,"column":20},"end":{"line":14,"column":3}},"line":8},"1":{"name":"(anonymous_1)","decl":{"start":{"line":16,"column":2},"end":{"line":16,"column":3}},"loc":{"start":{"line":16,"column":22},"end":{"line":18,"column":3}},"line":16},"2":{"name":"(anonymous_2)","decl":{"start":{"line":21,"column":2},"end":{"line":21,"column":3}},"loc":{"start":{"line":21,"column":11},"end":{"line":54,"column":3}},"line":21},"3":{"name":"(anonymous_3)","decl":{"start":{"line":40,"column":37},"end":{"line":40,"column":38}},"loc":{"start":{"line":40,"column":43},"end":{"line":40,"column":128}},"line":40},"4":{"name":"(anonymous_4)","decl":{"start":{"line":41,"column":37},"end":{"line":41,"column":38}},"loc":{"start":{"line":41,"column":43},"end":{"line":41,"column":118}},"line":41},"5":{"name":"(anonymous_5)","decl":{"start":{"line":44,"column":27},"end":{"line":44,"column":28}},"loc":{"start":{"line":44,"column":37},"end":{"line":44,"column":83}},"line":44},"6":{"name":"_applySelectStyles","decl":{"start":{"line":76,"column":9},"end":{"line":76,"column":27}},"loc":{"start":{"line":76,"column":30},"end":{"line":121,"column":1}},"line":76}},"branchMap":{"0":{"loc":{"start":{"line":26,"column":15},"end":{"line":26,"column":78}},"type":"cond-expr","locations":[{"start":{"line":26,"column":58},"end":{"line":26,"column":73}},{"start":{"line":26,"column":76},"end":{"line":26,"column":78}}],"line":26},"1":{"loc":{"start":{"line":26,"column":16},"end":{"line":26,"column":54}},"type":"binary-expr","locations":[{"start":{"line":26,"column":16},"end":{"line":26,"column":38}},{"start":{"line":26,"column":42},"end":{"line":26,"column":54}}],"line":26},"2":{"loc":{"start":{"line":27,"column":35},"end":{"line":27,"column":71}},"type":"cond-expr","locations":[{"start":{"line":27,"column":51},"end":{"line":27,"column":66}},{"start":{"line":27,"column":69},"end":{"line":27,"column":71}}],"line":27},"3":{"loc":{"start":{"line":46,"column":13},"end":{"line":46,"column":52}},"type":"binary-expr","locations":[{"start":{"line":46,"column":13},"end":{"line":46,"column":18}},{"start":{"line":46,"column":22},"end":{"line":46,"column":52}}],"line":46},"4":{"loc":{"start":{"line":49,"column":13},"end":{"line":49,"column":111}},"type":"binary-expr","locations":[{"start":{"line":49,"column":13},"end":{"line":49,"column":24}},{"start":{"line":49,"column":29},"end":{"line":49,"column":111}}],"line":49},"5":{"loc":{"start":{"line":50,"column":13},"end":{"line":50,"column":138}},"type":"binary-expr","locations":[{"start":{"line":50,"column":13},"end":{"line":50,"column":35}},{"start":{"line":50,"column":39},"end":{"line":50,"column":51}},{"start":{"line":50,"column":55},"end":{"line":50,"column":138}}],"line":50},"6":{"loc":{"start":{"line":81,"column":8},"end":{"line":114,"column":9}},"type":"switch","locations":[{"start":{"line":82,"column":10},"end":{"line":89,"column":18}},{"start":{"line":90,"column":10},"end":{"line":97,"column":18}},{"start":{"line":98,"column":10},"end":{"line":105,"column":18}},{"start":{"line":106,"column":10},"end":{"line":113,"column":106}}],"line":81},"7":{"loc":{"start":{"line":84,"column":34},"end":{"line":84,"column":97}},"type":"cond-expr","locations":[{"start":{"line":84,"column":42},"end":{"line":84,"column":70}},{"start":{"line":84,"column":73},"end":{"line":84,"column":97}}],"line":84},"8":{"loc":{"start":{"line":85,"column":34},"end":{"line":85,"column":81}},"type":"cond-expr","locations":[{"start":{"line":85,"column":42},"end":{"line":85,"column":67}},{"start":{"line":85,"column":79},"end":{"line":85,"column":81}}],"line":85},"9":{"loc":{"start":{"line":86,"column":34},"end":{"line":86,"column":111}},"type":"cond-expr","locations":[{"start":{"line":86,"column":42},"end":{"line":86,"column":75}},{"start":{"line":86,"column":84},"end":{"line":86,"column":111}}],"line":86},"10":{"loc":{"start":{"line":88,"column":34},"end":{"line":88,"column":117}},"type":"cond-expr","locations":[{"start":{"line":88,"column":42},"end":{"line":88,"column":81}},{"start":{"line":88,"column":84},"end":{"line":88,"column":117}}],"line":88},"11":{"loc":{"start":{"line":92,"column":30},"end":{"line":92,"column":107}},"type":"cond-expr","locations":[{"start":{"line":92,"column":38},"end":{"line":92,"column":69}},{"start":{"line":92,"column":77},"end":{"line":92,"column":107}}],"line":92},"12":{"loc":{"start":{"line":95,"column":30},"end":{"line":95,"column":107}},"type":"cond-expr","locations":[{"start":{"line":95,"column":38},"end":{"line":95,"column":74}},{"start":{"line":95,"column":77},"end":{"line":95,"column":107}}],"line":95},"13":{"loc":{"start":{"line":100,"column":30},"end":{"line":100,"column":102}},"type":"cond-expr","locations":[{"start":{"line":100,"column":38},"end":{"line":100,"column":69}},{"start":{"line":100,"column":72},"end":{"line":100,"column":102}}],"line":100},"14":{"loc":{"start":{"line":103,"column":30},"end":{"line":103,"column":107}},"type":"cond-expr","locations":[{"start":{"line":103,"column":38},"end":{"line":103,"column":74}},{"start":{"line":103,"column":77},"end":{"line":103,"column":107}}],"line":103},"15":{"loc":{"start":{"line":108,"column":30},"end":{"line":108,"column":92}},"type":"cond-expr","locations":[{"start":{"line":108,"column":38},"end":{"line":108,"column":61}},{"start":{"line":108,"column":69},"end":{"line":108,"column":92}}],"line":108},"16":{"loc":{"start":{"line":109,"column":30},"end":{"line":109,"column":71}},"type":"cond-expr","locations":[{"start":{"line":109,"column":38},"end":{"line":109,"column":58}},{"start":{"line":109,"column":69},"end":{"line":109,"column":71}}],"line":109},"17":{"loc":{"start":{"line":110,"column":30},"end":{"line":110,"column":90}},"type":"cond-expr","locations":[{"start":{"line":110,"column":38},"end":{"line":110,"column":66}},{"start":{"line":110,"column":69},"end":{"line":110,"column":90}}],"line":110},"18":{"loc":{"start":{"line":113,"column":34},"end":{"line":113,"column":105}},"type":"cond-expr","locations":[{"start":{"line":113,"column":42},"end":{"line":113,"column":75}},{"start":{"line":113,"column":78},"end":{"line":113,"column":105}}],"line":113}},"s":{"0":5,"1":5,"2":5,"3":3,"4":9,"5":9,"6":9,"7":9,"8":9,"9":0,"10":0,"11":18,"12":12,"13":4,"14":4,"15":4,"16":1,"17":1,"18":1,"19":1,"20":1,"21":1,"22":1,"23":0,"24":0,"25":0,"26":0,"27":0,"28":0,"29":0,"30":1,"31":1,"32":1,"33":1,"34":1,"35":1,"36":1,"37":2,"38":2,"39":2,"40":2,"41":2,"42":2,"43":4,"44":4,"45":4},"f":{"0":5,"1":3,"2":9,"3":0,"4":0,"5":18,"6":4},"b":{"0":[0,9],"1":[9,2],"2":[0,9],"3":[9,0],"4":[9,0],"5":[9,2,0],"6":[1,0,1,2],"7":[0,1],"8":[0,1],"9":[0,1],"10":[0,1],"11":[0,0],"12":[0,0],"13":[0,1],"14":[0,1],"15":[0,2],"16":[0,2],"17":[0,2],"18":[0,2]},"_coverageSchema":"332fd63041d2c1bcb487cc26dd0d5f7d97098a6c","hash":"6b341b7624d6f84de968c169dd1d7d2608db2c95"}
,"/Users/mac/Workspace/components/compounds/src/TextInput.js": {"path":"/Users/mac/Workspace/components/compounds/src/TextInput.js","statementMap":{"0":{"start":{"line":8,"column":4},"end":{"line":8,"column":17}},"1":{"start":{"line":10,"column":52},"end":{"line":10,"column":62}},"2":{"start":{"line":12,"column":4},"end":{"line":16,"column":6}},"3":{"start":{"line":18,"column":4},"end":{"line":18,"column":59}},"4":{"start":{"line":19,"column":4},"end":{"line":19,"column":65}},"5":{"start":{"line":24,"column":4},"end":{"line":24,"column":32}},"6":{"start":{"line":29,"column":162},"end":{"line":29,"column":172}},"7":{"start":{"line":30,"column":114},"end":{"line":30,"column":124}},"8":{"start":{"line":32,"column":15},"end":{"line":32,"column":78}},"9":{"start":{"line":33,"column":29},"end":{"line":33,"column":72}},"10":{"start":{"line":35,"column":4},"end":{"line":58,"column":6}},"11":{"start":{"line":48,"column":36},"end":{"line":48,"column":82}},"12":{"start":{"line":49,"column":36},"end":{"line":49,"column":77}},"13":{"start":{"line":66,"column":0},"end":{"line":78,"column":2}},"14":{"start":{"line":82,"column":77},"end":{"line":82,"column":87}},"15":{"start":{"line":83,"column":76},"end":{"line":83,"column":86}},"16":{"start":{"line":85,"column":34},"end":{"line":85,"column":93}},"17":{"start":{"line":86,"column":34},"end":{"line":86,"column":100}},"18":{"start":{"line":87,"column":34},"end":{"line":87,"column":89}},"19":{"start":{"line":89,"column":2},"end":{"line":89,"column":153}},"20":{"start":{"line":94,"column":92},"end":{"line":94,"column":102}},"21":{"start":{"line":95,"column":32},"end":{"line":95,"column":42}},"22":{"start":{"line":97,"column":2},"end":{"line":124,"column":3}},"23":{"start":{"line":99,"column":6},"end":{"line":99,"column":64}},"24":{"start":{"line":100,"column":6},"end":{"line":100,"column":90}},"25":{"start":{"line":101,"column":6},"end":{"line":101,"column":65}},"26":{"start":{"line":102,"column":6},"end":{"line":102,"column":101}},"27":{"start":{"line":103,"column":6},"end":{"line":103,"column":64}},"28":{"start":{"line":104,"column":6},"end":{"line":104,"column":12}},"29":{"start":{"line":106,"column":6},"end":{"line":106,"column":51}},"30":{"start":{"line":107,"column":6},"end":{"line":107,"column":71}},"31":{"start":{"line":108,"column":6},"end":{"line":108,"column":27}},"32":{"start":{"line":109,"column":6},"end":{"line":109,"column":114}},"33":{"start":{"line":110,"column":6},"end":{"line":110,"column":12}},"34":{"start":{"line":112,"column":6},"end":{"line":112,"column":51}},"35":{"start":{"line":113,"column":6},"end":{"line":113,"column":55}},"36":{"start":{"line":114,"column":6},"end":{"line":114,"column":27}},"37":{"start":{"line":115,"column":6},"end":{"line":115,"column":51}},"38":{"start":{"line":116,"column":6},"end":{"line":116,"column":51}},"39":{"start":{"line":117,"column":6},"end":{"line":117,"column":12}},"40":{"start":{"line":119,"column":6},"end":{"line":119,"column":51}},"41":{"start":{"line":120,"column":6},"end":{"line":120,"column":83}},"42":{"start":{"line":121,"column":6},"end":{"line":121,"column":64}},"43":{"start":{"line":122,"column":6},"end":{"line":122,"column":94}},"44":{"start":{"line":123,"column":6},"end":{"line":123,"column":64}},"45":{"start":{"line":126,"column":2},"end":{"line":126,"column":29}},"46":{"start":{"line":128,"column":2},"end":{"line":128,"column":99}}},"fnMap":{"0":{"name":"(anonymous_0)","decl":{"start":{"line":7,"column":2},"end":{"line":7,"column":3}},"loc":{"start":{"line":7,"column":21},"end":{"line":21,"column":3}},"line":7},"1":{"name":"(anonymous_1)","decl":{"start":{"line":23,"column":2},"end":{"line":23,"column":3}},"loc":{"start":{"line":23,"column":22},"end":{"line":25,"column":3}},"line":23},"2":{"name":"(anonymous_2)","decl":{"start":{"line":27,"column":2},"end":{"line":27,"column":3}},"loc":{"start":{"line":27,"column":11},"end":{"line":60,"column":3}},"line":27},"3":{"name":"(anonymous_3)","decl":{"start":{"line":48,"column":30},"end":{"line":48,"column":31}},"loc":{"start":{"line":48,"column":36},"end":{"line":48,"column":82}},"line":48},"4":{"name":"(anonymous_4)","decl":{"start":{"line":49,"column":30},"end":{"line":49,"column":31}},"loc":{"start":{"line":49,"column":36},"end":{"line":49,"column":77}},"line":49},"5":{"name":"_togglePassword","decl":{"start":{"line":81,"column":9},"end":{"line":81,"column":24}},"loc":{"start":{"line":81,"column":27},"end":{"line":91,"column":1}},"line":81},"6":{"name":"_applyTextInputStyles","decl":{"start":{"line":93,"column":9},"end":{"line":93,"column":30}},"loc":{"start":{"line":93,"column":33},"end":{"line":130,"column":1}},"line":93}},"branchMap":{"0":{"loc":{"start":{"line":13,"column":29},"end":{"line":13,"column":43}},"type":"binary-expr","locations":[{"start":{"line":13,"column":29},"end":{"line":13,"column":37}},{"start":{"line":13,"column":41},"end":{"line":13,"column":43}}],"line":13},"1":{"loc":{"start":{"line":14,"column":29},"end":{"line":14,"column":59}},"type":"cond-expr","locations":[{"start":{"line":14,"column":40},"end":{"line":14,"column":50}},{"start":{"line":14,"column":53},"end":{"line":14,"column":59}}],"line":14},"2":{"loc":{"start":{"line":15,"column":29},"end":{"line":15,"column":50}},"type":"binary-expr","locations":[{"start":{"line":15,"column":29},"end":{"line":15,"column":44}},{"start":{"line":15,"column":48},"end":{"line":15,"column":50}}],"line":15},"3":{"loc":{"start":{"line":32,"column":15},"end":{"line":32,"column":78}},"type":"cond-expr","locations":[{"start":{"line":32,"column":58},"end":{"line":32,"column":73}},{"start":{"line":32,"column":76},"end":{"line":32,"column":78}}],"line":32},"4":{"loc":{"start":{"line":32,"column":16},"end":{"line":32,"column":54}},"type":"binary-expr","locations":[{"start":{"line":32,"column":16},"end":{"line":32,"column":38}},{"start":{"line":32,"column":42},"end":{"line":32,"column":54}}],"line":32},"5":{"loc":{"start":{"line":33,"column":35},"end":{"line":33,"column":71}},"type":"cond-expr","locations":[{"start":{"line":33,"column":51},"end":{"line":33,"column":66}},{"start":{"line":33,"column":69},"end":{"line":33,"column":71}}],"line":33},"6":{"loc":{"start":{"line":53,"column":9},"end":{"line":53,"column":100}},"type":"binary-expr","locations":[{"start":{"line":53,"column":10},"end":{"line":53,"column":36}},{"start":{"line":53,"column":40},"end":{"line":53,"column":65}},{"start":{"line":53,"column":70},"end":{"line":53,"column":100}}],"line":53},"7":{"loc":{"start":{"line":54,"column":9},"end":{"line":54,"column":302}},"type":"binary-expr","locations":[{"start":{"line":54,"column":9},"end":{"line":54,"column":17}},{"start":{"line":54,"column":25},"end":{"line":54,"column":302}}],"line":54},"8":{"loc":{"start":{"line":55,"column":9},"end":{"line":55,"column":107}},"type":"binary-expr","locations":[{"start":{"line":55,"column":9},"end":{"line":55,"column":20}},{"start":{"line":55,"column":25},"end":{"line":55,"column":107}}],"line":55},"9":{"loc":{"start":{"line":56,"column":9},"end":{"line":56,"column":134}},"type":"binary-expr","locations":[{"start":{"line":56,"column":9},"end":{"line":56,"column":31}},{"start":{"line":56,"column":35},"end":{"line":56,"column":47}},{"start":{"line":56,"column":51},"end":{"line":56,"column":134}}],"line":56},"10":{"loc":{"start":{"line":85,"column":34},"end":{"line":85,"column":93}},"type":"cond-expr","locations":[{"start":{"line":85,"column":74},"end":{"line":85,"column":80}},{"start":{"line":85,"column":83},"end":{"line":85,"column":93}}],"line":85},"11":{"loc":{"start":{"line":86,"column":34},"end":{"line":86,"column":100}},"type":"cond-expr","locations":[{"start":{"line":86,"column":70},"end":{"line":86,"column":82}},{"start":{"line":86,"column":85},"end":{"line":86,"column":100}}],"line":86},"12":{"loc":{"start":{"line":87,"column":34},"end":{"line":87,"column":89}},"type":"cond-expr","locations":[{"start":{"line":87,"column":70},"end":{"line":87,"column":78}},{"start":{"line":87,"column":81},"end":{"line":87,"column":89}}],"line":87},"13":{"loc":{"start":{"line":97,"column":2},"end":{"line":124,"column":3}},"type":"switch","locations":[{"start":{"line":98,"column":4},"end":{"line":104,"column":12}},{"start":{"line":105,"column":4},"end":{"line":110,"column":12}},{"start":{"line":111,"column":4},"end":{"line":117,"column":12}},{"start":{"line":118,"column":4},"end":{"line":123,"column":64}}],"line":97},"14":{"loc":{"start":{"line":100,"column":24},"end":{"line":100,"column":89}},"type":"cond-expr","locations":[{"start":{"line":100,"column":32},"end":{"line":100,"column":59}},{"start":{"line":100,"column":62},"end":{"line":100,"column":89}}],"line":100},"15":{"loc":{"start":{"line":101,"column":24},"end":{"line":101,"column":64}},"type":"cond-expr","locations":[{"start":{"line":101,"column":32},"end":{"line":101,"column":57}},{"start":{"line":101,"column":62},"end":{"line":101,"column":64}}],"line":101},"16":{"loc":{"start":{"line":102,"column":24},"end":{"line":102,"column":101}},"type":"cond-expr","locations":[{"start":{"line":102,"column":32},"end":{"line":102,"column":65}},{"start":{"line":102,"column":69},"end":{"line":102,"column":101}}],"line":102},"17":{"loc":{"start":{"line":107,"column":24},"end":{"line":107,"column":70}},"type":"cond-expr","locations":[{"start":{"line":107,"column":32},"end":{"line":107,"column":46}},{"start":{"line":107,"column":49},"end":{"line":107,"column":70}}],"line":107},"18":{"loc":{"start":{"line":109,"column":24},"end":{"line":109,"column":113}},"type":"cond-expr","locations":[{"start":{"line":109,"column":32},"end":{"line":109,"column":68}},{"start":{"line":109,"column":71},"end":{"line":109,"column":113}}],"line":109},"19":{"loc":{"start":{"line":120,"column":24},"end":{"line":120,"column":82}},"type":"cond-expr","locations":[{"start":{"line":120,"column":32},"end":{"line":120,"column":46}},{"start":{"line":120,"column":61},"end":{"line":120,"column":82}}],"line":120},"20":{"loc":{"start":{"line":121,"column":24},"end":{"line":121,"column":63}},"type":"cond-expr","locations":[{"start":{"line":121,"column":32},"end":{"line":121,"column":52}},{"start":{"line":121,"column":61},"end":{"line":121,"column":63}}],"line":121},"21":{"loc":{"start":{"line":122,"column":24},"end":{"line":122,"column":93}},"type":"cond-expr","locations":[{"start":{"line":122,"column":32},"end":{"line":122,"column":58}},{"start":{"line":122,"column":61},"end":{"line":122,"column":93}}],"line":122}},"s":{"0":12,"1":12,"2":12,"3":12,"4":12,"5":9,"6":26,"7":26,"8":26,"9":26,"10":26,"11":0,"12":0,"13":12,"14":3,"15":3,"16":3,"17":3,"18":3,"19":3,"20":11,"21":11,"22":11,"23":2,"24":2,"25":2,"26":2,"27":2,"28":2,"29":1,"30":1,"31":1,"32":1,"33":1,"34":1,"35":1,"36":1,"37":1,"38":1,"39":1,"40":7,"41":7,"42":7,"43":7,"44":7,"45":11,"46":11},"f":{"0":12,"1":9,"2":26,"3":0,"4":0,"5":3,"6":11},"b":{"0":[12,12],"1":[4,8],"2":[12,10],"3":[2,24],"4":[26,4],"5":[2,24],"6":[26,2,26],"7":[26,11],"8":[26,2],"9":[26,4,2],"10":[2,1],"11":[1,2],"12":[1,2],"13":[2,1,1,7],"14":[0,2],"15":[0,2],"16":[0,2],"17":[0,1],"18":[0,1],"19":[0,7],"20":[0,7],"21":[0,7]},"_coverageSchema":"332fd63041d2c1bcb487cc26dd0d5f7d97098a6c","hash":"04794946593a21f89bf372158e78395ae680a112"}
,"/Users/mac/Workspace/components/compounds/src/Dropdown/Dropdown.js": {"path":"/Users/mac/Workspace/components/compounds/src/Dropdown/Dropdown.js","statementMap":{"0":{"start":{"line":30,"column":4},"end":{"line":30,"column":16}},"1":{"start":{"line":32,"column":4},"end":{"line":35,"column":5}},"2":{"start":{"line":37,"column":4},"end":{"line":37,"column":65}},"3":{"start":{"line":38,"column":4},"end":{"line":38,"column":53}},"4":{"start":{"line":39,"column":4},"end":{"line":39,"column":49}},"5":{"start":{"line":40,"column":4},"end":{"line":40,"column":47}},"6":{"start":{"line":44,"column":4},"end":{"line":44,"column":67}},"7":{"start":{"line":45,"column":4},"end":{"line":45,"column":60}},"8":{"start":{"line":49,"column":4},"end":{"line":49,"column":64}},"9":{"start":{"line":50,"column":4},"end":{"line":50,"column":57}},"10":{"start":{"line":54,"column":20},"end":{"line":54,"column":46}},"11":{"start":{"line":56,"column":4},"end":{"line":58,"column":5}},"12":{"start":{"line":57,"column":6},"end":{"line":57,"column":37}},"13":{"start":{"line":62,"column":4},"end":{"line":64,"column":5}},"14":{"start":{"line":63,"column":6},"end":{"line":63,"column":37}},"15":{"start":{"line":68,"column":16},"end":{"line":68,"column":18}},"16":{"start":{"line":69,"column":25},"end":{"line":80,"column":30}},"17":{"start":{"line":82,"column":4},"end":{"line":82,"column":29}},"18":{"start":{"line":84,"column":22},"end":{"line":84,"column":54}},"19":{"start":{"line":86,"column":4},"end":{"line":117,"column":5}},"20":{"start":{"line":87,"column":17},"end":{"line":87,"column":35}},"21":{"start":{"line":88,"column":23},"end":{"line":89,"column":55}},"22":{"start":{"line":91,"column":26},"end":{"line":95,"column":31}},"23":{"start":{"line":97,"column":6},"end":{"line":116,"column":45}},"24":{"start":{"line":118,"column":4},"end":{"line":118,"column":17}},"25":{"start":{"line":123,"column":49},"end":{"line":123,"column":59}},"26":{"start":{"line":125,"column":19},"end":{"line":125,"column":41}},"27":{"start":{"line":126,"column":23},"end":{"line":126,"column":53}},"28":{"start":{"line":128,"column":4},"end":{"line":174,"column":5}},"29":{"start":{"line":130,"column":29},"end":{"line":130,"column":49}},"30":{"start":{"line":180,"column":2},"end":{"line":180,"column":21}},"31":{"start":{"line":181,"column":2},"end":{"line":181,"column":44}},"32":{"start":{"line":185,"column":2},"end":{"line":185,"column":54}},"33":{"start":{"line":186,"column":2},"end":{"line":186,"column":92}}},"fnMap":{"0":{"name":"(anonymous_0)","decl":{"start":{"line":29,"column":2},"end":{"line":29,"column":3}},"loc":{"start":{"line":29,"column":21},"end":{"line":41,"column":3}},"line":29},"1":{"name":"(anonymous_1)","decl":{"start":{"line":43,"column":2},"end":{"line":43,"column":3}},"loc":{"start":{"line":43,"column":25},"end":{"line":46,"column":3}},"line":43},"2":{"name":"(anonymous_2)","decl":{"start":{"line":48,"column":2},"end":{"line":48,"column":3}},"loc":{"start":{"line":48,"column":16},"end":{"line":51,"column":3}},"line":48},"3":{"name":"(anonymous_3)","decl":{"start":{"line":53,"column":2},"end":{"line":53,"column":3}},"loc":{"start":{"line":53,"column":28},"end":{"line":59,"column":3}},"line":53},"4":{"name":"(anonymous_4)","decl":{"start":{"line":61,"column":2},"end":{"line":61,"column":3}},"loc":{"start":{"line":61,"column":19},"end":{"line":65,"column":3}},"line":61},"5":{"name":"(anonymous_5)","decl":{"start":{"line":67,"column":2},"end":{"line":67,"column":3}},"loc":{"start":{"line":67,"column":20},"end":{"line":119,"column":3}},"line":67},"6":{"name":"(anonymous_6)","decl":{"start":{"line":121,"column":2},"end":{"line":121,"column":3}},"loc":{"start":{"line":121,"column":11},"end":{"line":175,"column":3}},"line":121},"7":{"name":"(anonymous_7)","decl":{"start":{"line":130,"column":18},"end":{"line":130,"column":19}},"loc":{"start":{"line":130,"column":27},"end":{"line":130,"column":51}},"line":130},"8":{"name":"_toggleDropdown","decl":{"start":{"line":179,"column":9},"end":{"line":179,"column":24}},"loc":{"start":{"line":179,"column":27},"end":{"line":182,"column":1}},"line":179},"9":{"name":"_selectedItem","decl":{"start":{"line":184,"column":9},"end":{"line":184,"column":22}},"loc":{"start":{"line":184,"column":26},"end":{"line":187,"column":1}},"line":184}},"branchMap":{"0":{"loc":{"start":{"line":56,"column":4},"end":{"line":58,"column":5}},"type":"if","locations":[{"start":{"line":56,"column":4},"end":{"line":58,"column":5}},{"start":{"line":56,"column":4},"end":{"line":58,"column":5}}],"line":56},"1":{"loc":{"start":{"line":56,"column":9},"end":{"line":56,"column":52}},"type":"binary-expr","locations":[{"start":{"line":56,"column":9},"end":{"line":56,"column":17}},{"start":{"line":56,"column":21},"end":{"line":56,"column":52}}],"line":56},"2":{"loc":{"start":{"line":62,"column":4},"end":{"line":64,"column":5}},"type":"if","locations":[{"start":{"line":62,"column":4},"end":{"line":64,"column":5}},{"start":{"line":62,"column":4},"end":{"line":64,"column":5}}],"line":62},"3":{"loc":{"start":{"line":84,"column":22},"end":{"line":84,"column":54}},"type":"cond-expr","locations":[{"start":{"line":84,"column":45},"end":{"line":84,"column":49}},{"start":{"line":84,"column":51},"end":{"line":84,"column":54}}],"line":84},"4":{"loc":{"start":{"line":88,"column":23},"end":{"line":89,"column":55}},"type":"cond-expr","locations":[{"start":{"line":89,"column":25},"end":{"line":89,"column":51}},{"start":{"line":89,"column":53},"end":{"line":89,"column":55}}],"line":88},"5":{"loc":{"start":{"line":97,"column":6},"end":{"line":116,"column":44}},"type":"cond-expr","locations":[{"start":{"line":97,"column":27},"end":{"line":97,"column":50}},{"start":{"line":98,"column":27},"end":{"line":116,"column":44}}],"line":97},"6":{"loc":{"start":{"line":106,"column":42},"end":{"line":113,"column":48}},"type":"cond-expr","locations":[{"start":{"line":107,"column":45},"end":{"line":112,"column":51}},{"start":{"line":113,"column":44},"end":{"line":113,"column":48}}],"line":106},"7":{"loc":{"start":{"line":125,"column":19},"end":{"line":125,"column":41}},"type":"cond-expr","locations":[{"start":{"line":125,"column":28},"end":{"line":125,"column":37}},{"start":{"line":125,"column":39},"end":{"line":125,"column":41}}],"line":125},"8":{"loc":{"start":{"line":126,"column":23},"end":{"line":126,"column":53}},"type":"cond-expr","locations":[{"start":{"line":126,"column":36},"end":{"line":126,"column":49}},{"start":{"line":126,"column":51},"end":{"line":126,"column":53}}],"line":126},"9":{"loc":{"start":{"line":133,"column":12},"end":{"line":140,"column":21}},"type":"cond-expr","locations":[{"start":{"line":134,"column":18},"end":{"line":139,"column":24}},{"start":{"line":140,"column":17},"end":{"line":140,"column":21}}],"line":133},"10":{"loc":{"start":{"line":142,"column":12},"end":{"line":153,"column":21}},"type":"cond-expr","locations":[{"start":{"line":143,"column":18},"end":{"line":152,"column":24}},{"start":{"line":153,"column":17},"end":{"line":153,"column":21}}],"line":142},"11":{"loc":{"start":{"line":155,"column":12},"end":{"line":161,"column":21}},"type":"cond-expr","locations":[{"start":{"line":156,"column":18},"end":{"line":160,"column":24}},{"start":{"line":161,"column":17},"end":{"line":161,"column":21}}],"line":155},"12":{"loc":{"start":{"line":163,"column":12},"end":{"line":172,"column":33}},"type":"binary-expr","locations":[{"start":{"line":163,"column":12},"end":{"line":163,"column":27}},{"start":{"line":164,"column":12},"end":{"line":172,"column":33}}],"line":163},"13":{"loc":{"start":{"line":186,"column":2},"end":{"line":186,"column":91}},"type":"cond-expr","locations":[{"start":{"line":186,"column":29},"end":{"line":186,"column":84}},{"start":{"line":186,"column":87},"end":{"line":186,"column":91}}],"line":186}},"s":{"0":6,"1":6,"2":6,"3":6,"4":6,"5":6,"6":0,"7":0,"8":1,"9":1,"10":0,"11":0,"12":0,"13":0,"14":0,"15":2,"16":2,"17":2,"18":2,"19":2,"20":6,"21":6,"22":6,"23":6,"24":2,"25":8,"26":8,"27":8,"28":8,"29":5,"30":1,"31":1,"32":0,"33":0},"f":{"0":6,"1":0,"2":1,"3":0,"4":0,"5":2,"6":8,"7":5,"8":1,"9":0},"b":{"0":[0,0],"1":[0,0],"2":[0,0],"3":[0,2],"4":[0,6],"5":[0,6],"6":[6,0],"7":[0,8],"8":[0,8],"9":[3,5],"10":[1,7],"11":[4,4],"12":[8,2],"13":[0,0]},"_coverageSchema":"332fd63041d2c1bcb487cc26dd0d5f7d97098a6c","hash":"26955c9cafaaeda9a2600c96430036dc27ca286a"}
,"/Users/mac/Workspace/components/compounds/src/Footer/Footer.js": {"path":"/Users/mac/Workspace/components/compounds/src/Footer/Footer.js","statementMap":{"0":{"start":{"line":21,"column":4},"end":{"line":21,"column":16}},"1":{"start":{"line":25,"column":17},"end":{"line":25,"column":41}},"2":{"start":{"line":26,"column":4},"end":{"line":28,"column":18}},"3":{"start":{"line":32,"column":16},"end":{"line":32,"column":18}},"4":{"start":{"line":34,"column":4},"end":{"line":40,"column":5}},"5":{"start":{"line":35,"column":17},"end":{"line":35,"column":36}},"6":{"start":{"line":36,"column":6},"end":{"line":39,"column":24}},"7":{"start":{"line":41,"column":4},"end":{"line":41,"column":17}},"8":{"start":{"line":46,"column":39},"end":{"line":46,"column":49}},"9":{"start":{"line":47,"column":23},"end":{"line":47,"column":52}},"10":{"start":{"line":48,"column":23},"end":{"line":48,"column":53}},"11":{"start":{"line":50,"column":4},"end":{"line":57,"column":5}}},"fnMap":{"0":{"name":"(anonymous_0)","decl":{"start":{"line":20,"column":2},"end":{"line":20,"column":3}},"loc":{"start":{"line":20,"column":21},"end":{"line":22,"column":3}},"line":20},"1":{"name":"(anonymous_1)","decl":{"start":{"line":24,"column":2},"end":{"line":24,"column":3}},"loc":{"start":{"line":24,"column":15},"end":{"line":29,"column":3}},"line":24},"2":{"name":"(anonymous_2)","decl":{"start":{"line":31,"column":2},"end":{"line":31,"column":3}},"loc":{"start":{"line":31,"column":16},"end":{"line":42,"column":3}},"line":31},"3":{"name":"(anonymous_3)","decl":{"start":{"line":44,"column":2},"end":{"line":44,"column":3}},"loc":{"start":{"line":44,"column":11},"end":{"line":58,"column":3}},"line":44}},"branchMap":{"0":{"loc":{"start":{"line":47,"column":23},"end":{"line":47,"column":52}},"type":"cond-expr","locations":[{"start":{"line":47,"column":31},"end":{"line":47,"column":49}},{"start":{"line":47,"column":50},"end":{"line":47,"column":52}}],"line":47},"1":{"loc":{"start":{"line":48,"column":23},"end":{"line":48,"column":53}},"type":"cond-expr","locations":[{"start":{"line":48,"column":41},"end":{"line":48,"column":50}},{"start":{"line":48,"column":51},"end":{"line":48,"column":53}}],"line":48}},"s":{"0":6,"1":6,"2":6,"3":6,"4":6,"5":12,"6":12,"7":6,"8":6,"9":6,"10":6,"11":6},"f":{"0":6,"1":6,"2":6,"3":6},"b":{"0":[1,5],"1":[1,5]},"_coverageSchema":"332fd63041d2c1bcb487cc26dd0d5f7d97098a6c","hash":"1f1f585731a7476eff0f0389f717f3829df4773c"}
,"/Users/mac/Workspace/components/compounds/src/StaticAlert/StaticAlert.js": {"path":"/Users/mac/Workspace/components/compounds/src/StaticAlert/StaticAlert.js","statementMap":{"0":{"start":{"line":23,"column":4},"end":{"line":23,"column":16}},"1":{"start":{"line":25,"column":4},"end":{"line":27,"column":5}},"2":{"start":{"line":31,"column":4},"end":{"line":31,"column":37}},"3":{"start":{"line":36,"column":54},"end":{"line":36,"column":64}},"4":{"start":{"line":37,"column":22},"end":{"line":37,"column":56}},"5":{"start":{"line":38,"column":24},"end":{"line":38,"column":45}},"6":{"start":{"line":39,"column":25},"end":{"line":39,"column":51}},"7":{"start":{"line":41,"column":4},"end":{"line":79,"column":5}}},"fnMap":{"0":{"name":"(anonymous_0)","decl":{"start":{"line":22,"column":2},"end":{"line":22,"column":3}},"loc":{"start":{"line":22,"column":21},"end":{"line":28,"column":3}},"line":22},"1":{"name":"(anonymous_1)","decl":{"start":{"line":30,"column":16},"end":{"line":30,"column":17}},"loc":{"start":{"line":30,"column":22},"end":{"line":32,"column":3}},"line":30},"2":{"name":"(anonymous_2)","decl":{"start":{"line":34,"column":2},"end":{"line":34,"column":3}},"loc":{"start":{"line":34,"column":11},"end":{"line":80,"column":3}},"line":34}},"branchMap":{"0":{"loc":{"start":{"line":37,"column":22},"end":{"line":37,"column":56}},"type":"cond-expr","locations":[{"start":{"line":37,"column":47},"end":{"line":37,"column":53}},{"start":{"line":37,"column":54},"end":{"line":37,"column":56}}],"line":37},"1":{"loc":{"start":{"line":38,"column":24},"end":{"line":38,"column":45}},"type":"cond-expr","locations":[{"start":{"line":38,"column":33},"end":{"line":38,"column":42}},{"start":{"line":38,"column":43},"end":{"line":38,"column":45}}],"line":38},"2":{"loc":{"start":{"line":39,"column":25},"end":{"line":39,"column":51}},"type":"cond-expr","locations":[{"start":{"line":39,"column":35},"end":{"line":39,"column":45}},{"start":{"line":39,"column":47},"end":{"line":39,"column":51}}],"line":39},"3":{"loc":{"start":{"line":43,"column":9},"end":{"line":76,"column":16}},"type":"binary-expr","locations":[{"start":{"line":43,"column":9},"end":{"line":43,"column":26}},{"start":{"line":44,"column":10},"end":{"line":76,"column":16}}],"line":43},"4":{"loc":{"start":{"line":53,"column":15},"end":{"line":59,"column":37}},"type":"cond-expr","locations":[{"start":{"line":53,"column":34},"end":{"line":58,"column":41}},{"start":{"line":59,"column":33},"end":{"line":59,"column":37}}],"line":53},"5":{"loc":{"start":{"line":60,"column":15},"end":{"line":66,"column":39}},"type":"cond-expr","locations":[{"start":{"line":60,"column":36},"end":{"line":65,"column":43}},{"start":{"line":66,"column":35},"end":{"line":66,"column":39}}],"line":60}},"s":{"0":5,"1":5,"2":1,"3":7,"4":7,"5":7,"6":7,"7":7},"f":{"0":5,"1":1,"2":7},"b":{"0":[0,7],"1":[0,7],"2":[0,7],"3":[7,5],"4":[1,4],"5":[4,1]},"_coverageSchema":"332fd63041d2c1bcb487cc26dd0d5f7d97098a6c","hash":"ec234a2bbea4bafae643fb33d524b5ff420a101a"}
,"/Users/mac/Workspace/components/compounds/src/Tabs/Pane.js": {"path":"/Users/mac/Workspace/components/compounds/src/Tabs/Pane.js","statementMap":{"0":{"start":{"line":13,"column":4},"end":{"line":13,"column":51}},"1":{"start":{"line":13,"column":29},"end":{"line":13,"column":51}},"2":{"start":{"line":18,"column":4},"end":{"line":22,"column":5}},"3":{"start":{"line":26,"column":0},"end":{"line":28,"column":1}}},"fnMap":{"0":{"name":"(anonymous_0)","decl":{"start":{"line":12,"column":2},"end":{"line":12,"column":3}},"loc":{"start":{"line":12,"column":23},"end":{"line":14,"column":3}},"line":12},"1":{"name":"(anonymous_1)","decl":{"start":{"line":16,"column":2},"end":{"line":16,"column":3}},"loc":{"start":{"line":16,"column":11},"end":{"line":23,"column":3}},"line":16}},"branchMap":{"0":{"loc":{"start":{"line":13,"column":4},"end":{"line":13,"column":51}},"type":"if","locations":[{"start":{"line":13,"column":4},"end":{"line":13,"column":51}},{"start":{"line":13,"column":4},"end":{"line":13,"column":51}}],"line":13}},"s":{"0":0,"1":0,"2":2,"3":12},"f":{"0":0,"1":2},"b":{"0":[0,0]},"_coverageSchema":"332fd63041d2c1bcb487cc26dd0d5f7d97098a6c","hash":"656ae87193b282f38492bdf241c6dc473b68c955"}
,"/Users/mac/Workspace/components/compounds/src/Tabs/Tabs.js": {"path":"/Users/mac/Workspace/components/compounds/src/Tabs/Tabs.js","statementMap":{"0":{"start":{"line":24,"column":4},"end":{"line":24,"column":16}},"1":{"start":{"line":26,"column":4},"end":{"line":29,"column":5}},"2":{"start":{"line":33,"column":4},"end":{"line":33,"column":36}},"3":{"start":{"line":37,"column":4},"end":{"line":37,"column":27}},"4":{"start":{"line":38,"column":4},"end":{"line":40,"column":7}},"5":{"start":{"line":44,"column":21},"end":{"line":44,"column":29}},"6":{"start":{"line":45,"column":21},"end":{"line":45,"column":60}},"7":{"start":{"line":46,"column":25},"end":{"line":46,"column":44}},"8":{"start":{"line":48,"column":4},"end":{"line":66,"column":12}},"9":{"start":{"line":49,"column":28},"end":{"line":49,"column":47}},"10":{"start":{"line":50,"column":6},"end":{"line":53,"column":7}},"11":{"start":{"line":51,"column":8},"end":{"line":51,"column":39}},"12":{"start":{"line":52,"column":8},"end":{"line":52,"column":50}},"13":{"start":{"line":54,"column":6},"end":{"line":57,"column":7}},"14":{"start":{"line":55,"column":8},"end":{"line":55,"column":28}},"15":{"start":{"line":56,"column":8},"end":{"line":56,"column":39}},"16":{"start":{"line":58,"column":6},"end":{"line":61,"column":7}},"17":{"start":{"line":59,"column":8},"end":{"line":59,"column":44}},"18":{"start":{"line":60,"column":8},"end":{"line":60,"column":55}},"19":{"start":{"line":62,"column":6},"end":{"line":65,"column":7}},"20":{"start":{"line":63,"column":8},"end":{"line":63,"column":44}},"21":{"start":{"line":64,"column":8},"end":{"line":64,"column":55}},"22":{"start":{"line":72,"column":24},"end":{"line":72,"column":68}},"23":{"start":{"line":73,"column":17},"end":{"line":73,"column":41}},"24":{"start":{"line":74,"column":25},"end":{"line":74,"column":51}},"25":{"start":{"line":75,"column":25},"end":{"line":75,"column":56}},"26":{"start":{"line":77,"column":6},"end":{"line":89,"column":8}},"27":{"start":{"line":78,"column":55},"end":{"line":78,"column":95}},"28":{"start":{"line":91,"column":4},"end":{"line":95,"column":6}},"29":{"start":{"line":92,"column":65},"end":{"line":92,"column":79}},"30":{"start":{"line":99,"column":4},"end":{"line":103,"column":6}},"31":{"start":{"line":108,"column":4},"end":{"line":113,"column":5}},"32":{"start":{"line":117,"column":0},"end":{"line":119,"column":1}}},"fnMap":{"0":{"name":"(anonymous_0)","decl":{"start":{"line":23,"column":2},"end":{"line":23,"column":3}},"loc":{"start":{"line":23,"column":21},"end":{"line":30,"column":3}},"line":23},"1":{"name":"(anonymous_1)","decl":{"start":{"line":32,"column":2},"end":{"line":32,"column":3}},"loc":{"start":{"line":32,"column":20},"end":{"line":34,"column":3}},"line":32},"2":{"name":"(anonymous_2)","decl":{"start":{"line":36,"column":2},"end":{"line":36,"column":3}},"loc":{"start":{"line":36,"column":24},"end":{"line":41,"column":3}},"line":36},"3":{"name":"(anonymous_3)","decl":{"start":{"line":43,"column":2},"end":{"line":43,"column":3}},"loc":{"start":{"line":43,"column":22},"end":{"line":68,"column":3}},"line":43},"4":{"name":"(anonymous_4)","decl":{"start":{"line":48,"column":41},"end":{"line":48,"column":42}},"loc":{"start":{"line":48,"column":52},"end":{"line":66,"column":5}},"line":48},"5":{"name":"(anonymous_5)","decl":{"start":{"line":70,"column":2},"end":{"line":70,"column":3}},"loc":{"start":{"line":70,"column":17},"end":{"line":96,"column":3}},"line":70},"6":{"name":"labels","decl":{"start":{"line":71,"column":13},"end":{"line":71,"column":19}},"loc":{"start":{"line":71,"column":30},"end":{"line":90,"column":5}},"line":71},"7":{"name":"(anonymous_7)","decl":{"start":{"line":78,"column":49},"end":{"line":78,"column":50}},"loc":{"start":{"line":78,"column":55},"end":{"line":78,"column":95}},"line":78},"8":{"name":"(anonymous_8)","decl":{"start":{"line":92,"column":55},"end":{"line":92,"column":56}},"loc":{"start":{"line":92,"column":63},"end":{"line":92,"column":81}},"line":92},"9":{"name":"(anonymous_9)","decl":{"start":{"line":98,"column":2},"end":{"line":98,"column":3}},"loc":{"start":{"line":98,"column":18},"end":{"line":104,"column":3}},"line":98},"10":{"name":"(anonymous_10)","decl":{"start":{"line":106,"column":2},"end":{"line":106,"column":3}},"loc":{"start":{"line":106,"column":11},"end":{"line":114,"column":3}},"line":106}},"branchMap":{"0":{"loc":{"start":{"line":50,"column":6},"end":{"line":53,"column":7}},"type":"if","locations":[{"start":{"line":50,"column":6},"end":{"line":53,"column":7}},{"start":{"line":50,"column":6},"end":{"line":53,"column":7}}],"line":50},"1":{"loc":{"start":{"line":50,"column":10},"end":{"line":50,"column":53}},"type":"binary-expr","locations":[{"start":{"line":50,"column":10},"end":{"line":50,"column":29}},{"start":{"line":50,"column":33},"end":{"line":50,"column":53}}],"line":50},"2":{"loc":{"start":{"line":54,"column":6},"end":{"line":57,"column":7}},"type":"if","locations":[{"start":{"line":54,"column":6},"end":{"line":57,"column":7}},{"start":{"line":54,"column":6},"end":{"line":57,"column":7}}],"line":54},"3":{"loc":{"start":{"line":54,"column":10},"end":{"line":54,"column":64}},"type":"binary-expr","locations":[{"start":{"line":54,"column":10},"end":{"line":54,"column":40}},{"start":{"line":54,"column":44},"end":{"line":54,"column":64}}],"line":54},"4":{"loc":{"start":{"line":58,"column":6},"end":{"line":61,"column":7}},"type":"if","locations":[{"start":{"line":58,"column":6},"end":{"line":61,"column":7}},{"start":{"line":58,"column":6},"end":{"line":61,"column":7}}],"line":58},"5":{"loc":{"start":{"line":58,"column":10},"end":{"line":58,"column":53}},"type":"binary-expr","locations":[{"start":{"line":58,"column":10},"end":{"line":58,"column":29}},{"start":{"line":58,"column":33},"end":{"line":58,"column":53}}],"line":58},"6":{"loc":{"start":{"line":62,"column":6},"end":{"line":65,"column":7}},"type":"if","locations":[{"start":{"line":62,"column":6},"end":{"line":65,"column":7}},{"start":{"line":62,"column":6},"end":{"line":65,"column":7}}],"line":62},"7":{"loc":{"start":{"line":62,"column":10},"end":{"line":62,"column":64}},"type":"binary-expr","locations":[{"start":{"line":62,"column":10},"end":{"line":62,"column":40}},{"start":{"line":62,"column":44},"end":{"line":62,"column":64}}],"line":62},"8":{"loc":{"start":{"line":72,"column":24},"end":{"line":72,"column":68}},"type":"cond-expr","locations":[{"start":{"line":72,"column":52},"end":{"line":72,"column":63}},{"start":{"line":72,"column":66},"end":{"line":72,"column":68}}],"line":72},"9":{"loc":{"start":{"line":73,"column":17},"end":{"line":73,"column":41}},"type":"cond-expr","locations":[{"start":{"line":73,"column":31},"end":{"line":73,"column":34}},{"start":{"line":73,"column":37},"end":{"line":73,"column":41}}],"line":73},"10":{"loc":{"start":{"line":74,"column":25},"end":{"line":74,"column":51}},"type":"cond-expr","locations":[{"start":{"line":74,"column":39},"end":{"line":74,"column":43}},{"start":{"line":74,"column":46},"end":{"line":74,"column":51}}],"line":74},"11":{"loc":{"start":{"line":75,"column":25},"end":{"line":75,"column":56}},"type":"cond-expr","locations":[{"start":{"line":75,"column":44},"end":{"line":75,"column":51}},{"start":{"line":75,"column":54},"end":{"line":75,"column":56}}],"line":75}},"s":{"0":5,"1":5,"2":5,"3":0,"4":0,"5":2,"6":2,"7":2,"8":2,"9":0,"10":0,"11":0,"12":0,"13":0,"14":0,"15":0,"16":0,"17":0,"18":0,"19":0,"20":0,"21":0,"22":10,"23":10,"24":10,"25":10,"26":10,"27":0,"28":5,"29":2,"30":5,"31":5,"32":12},"f":{"0":5,"1":5,"2":0,"3":2,"4":0,"5":5,"6":10,"7":0,"8":2,"9":5,"10":5},"b":{"0":[0,0],"1":[0,0],"2":[0,0],"3":[0,0],"4":[0,0],"5":[0,0],"6":[0,0],"7":[0,0],"8":[5,5],"9":[5,5],"10":[5,5],"11":[0,10]},"_coverageSchema":"332fd63041d2c1bcb487cc26dd0d5f7d97098a6c","hash":"f431b7f59c69829ece148e548c114f69cef5462a"}
,"/Users/mac/Workspace/components/compounds/src/loadingSpinner/loadingSpinner.js": {"path":"/Users/mac/Workspace/components/compounds/src/loadingSpinner/loadingSpinner.js","statementMap":{"0":{"start":{"line":7,"column":4},"end":{"line":7,"column":16}},"1":{"start":{"line":11,"column":4},"end":{"line":26,"column":5}}},"fnMap":{"0":{"name":"(anonymous_0)","decl":{"start":{"line":6,"column":2},"end":{"line":6,"column":3}},"loc":{"start":{"line":6,"column":21},"end":{"line":8,"column":3}},"line":6},"1":{"name":"(anonymous_1)","decl":{"start":{"line":10,"column":2},"end":{"line":10,"column":3}},"loc":{"start":{"line":10,"column":11},"end":{"line":27,"column":3}},"line":10}},"branchMap":{},"s":{"0":1,"1":1},"f":{"0":1,"1":1},"b":{},"_coverageSchema":"332fd63041d2c1bcb487cc26dd0d5f7d97098a6c","hash":"73ddf885e2dcc5c0887604a3181ee918826a3a23"}
}
