{"/Users/ulantja/Workspace/compounds/src/Button.js": {"path":"/Users/ulantja/Workspace/compounds/src/Button.js","statementMap":{"0":{"start":{"line":4,"column":15},"end":{"line":21,"column":1}},"1":{"start":{"line":6,"column":40},"end":{"line":6,"column":45}},"2":{"start":{"line":10,"column":2},"end":{"line":12,"column":3}},"3":{"start":{"line":11,"column":4},"end":{"line":11,"column":63}},"4":{"start":{"line":14,"column":2},"end":{"line":16,"column":3}},"5":{"start":{"line":15,"column":4},"end":{"line":15,"column":87}},"6":{"start":{"line":19,"column":2},"end":{"line":19,"column":73}},"7":{"start":{"line":27,"column":0},"end":{"line":30,"column":2}}},"fnMap":{"0":{"name":"(anonymous_0)","decl":{"start":{"line":4,"column":15},"end":{"line":4,"column":16}},"loc":{"start":{"line":4,"column":26},"end":{"line":21,"column":1}}}},"branchMap":{"0":{"loc":{"start":{"line":10,"column":2},"end":{"line":12,"column":3}},"type":"if","locations":[{"start":{"line":10,"column":2},"end":{"line":12,"column":3}},{"start":{"line":10,"column":2},"end":{"line":12,"column":3}}]},"1":{"loc":{"start":{"line":11,"column":14},"end":{"line":11,"column":62}},"type":"cond-expr","locations":[{"start":{"line":11,"column":27},"end":{"line":11,"column":35}},{"start":{"line":11,"column":38},"end":{"line":11,"column":62}}]},"2":{"loc":{"start":{"line":14,"column":2},"end":{"line":16,"column":3}},"type":"if","locations":[{"start":{"line":14,"column":2},"end":{"line":16,"column":3}},{"start":{"line":14,"column":2},"end":{"line":16,"column":3}}]},"3":{"loc":{"start":{"line":15,"column":14},"end":{"line":15,"column":86}},"type":"cond-expr","locations":[{"start":{"line":15,"column":27},"end":{"line":15,"column":47}},{"start":{"line":15,"column":50},"end":{"line":15,"column":86}}]}},"s":{"0":6,"1":22,"2":22,"3":12,"4":22,"5":10,"6":22,"7":6},"f":{"0":22},"b":{"0":[12,10],"1":[6,6],"2":[10,12],"3":[7,3]},"_coverageSchema":"332fd63041d2c1bcb487cc26dd0d5f7d97098a6c","hash":"cbcd6d7d5e6e9cb64c2db794e4758b8e92da278a"}
,"/Users/ulantja/Workspace/compounds/src/Icon.js": {"path":"/Users/ulantja/Workspace/compounds/src/Icon.js","statementMap":{"0":{"start":{"line":6,"column":13},"end":{"line":30,"column":1}},"1":{"start":{"line":8,"column":29},"end":{"line":8,"column":34}},"2":{"start":{"line":10,"column":21},"end":{"line":10,"column":39}},"3":{"start":{"line":11,"column":21},"end":{"line":11,"column":54}},"4":{"start":{"line":12,"column":21},"end":{"line":12,"column":54}},"5":{"start":{"line":13,"column":21},"end":{"line":13,"column":54}},"6":{"start":{"line":16,"column":2},"end":{"line":29,"column":6}},"7":{"start":{"line":36,"column":0},"end":{"line":39,"column":2}}},"fnMap":{"0":{"name":"(anonymous_0)","decl":{"start":{"line":6,"column":13},"end":{"line":6,"column":14}},"loc":{"start":{"line":6,"column":24},"end":{"line":30,"column":1}}}},"branchMap":{"0":{"loc":{"start":{"line":11,"column":21},"end":{"line":11,"column":54}},"type":"cond-expr","locations":[{"start":{"line":11,"column":34},"end":{"line":11,"column":39}},{"start":{"line":11,"column":50},"end":{"line":11,"column":54}}]},"1":{"loc":{"start":{"line":12,"column":21},"end":{"line":12,"column":54}},"type":"cond-expr","locations":[{"start":{"line":12,"column":34},"end":{"line":12,"column":39}},{"start":{"line":12,"column":50},"end":{"line":12,"column":54}}]},"2":{"loc":{"start":{"line":13,"column":21},"end":{"line":13,"column":54}},"type":"cond-expr","locations":[{"start":{"line":13,"column":34},"end":{"line":13,"column":47}},{"start":{"line":13,"column":50},"end":{"line":13,"column":54}}]},"3":{"loc":{"start":{"line":26,"column":12},"end":{"line":26,"column":59}},"type":"binary-expr","locations":[{"start":{"line":26,"column":12},"end":{"line":26,"column":20}},{"start":{"line":26,"column":24},"end":{"line":26,"column":59}}]}},"s":{"0":6,"1":5,"2":5,"3":5,"4":5,"5":5,"6":5,"7":6},"f":{"0":5},"b":{"0":[3,2],"1":[3,2],"2":[3,2],"3":[5,3]},"_coverageSchema":"332fd63041d2c1bcb487cc26dd0d5f7d97098a6c","hash":"b61bd35c94bac7c364d5e1965d9f98514f472f81"}
,"/Users/ulantja/Workspace/compounds/src/MultiLineText.js": {"path":"/Users/ulantja/Workspace/compounds/src/MultiLineText.js","statementMap":{"0":{"start":{"line":8,"column":4},"end":{"line":8,"column":17}},"1":{"start":{"line":9,"column":4},"end":{"line":9,"column":20}},"2":{"start":{"line":11,"column":4},"end":{"line":11,"column":65}},"3":{"start":{"line":15,"column":4},"end":{"line":15,"column":32}},"4":{"start":{"line":21,"column":99},"end":{"line":21,"column":109}},"5":{"start":{"line":22,"column":78},"end":{"line":22,"column":88}},"6":{"start":{"line":24,"column":6},"end":{"line":41,"column":7}},"7":{"start":{"line":33,"column":41},"end":{"line":33,"column":92}},"8":{"start":{"line":34,"column":41},"end":{"line":34,"column":87}},"9":{"start":{"line":51,"column":0},"end":{"line":57,"column":2}},"10":{"start":{"line":62,"column":72},"end":{"line":62,"column":82}},"11":{"start":{"line":63,"column":25},"end":{"line":63,"column":35}},"12":{"start":{"line":65,"column":2},"end":{"line":85,"column":3}},"13":{"start":{"line":67,"column":6},"end":{"line":67,"column":64}},"14":{"start":{"line":68,"column":6},"end":{"line":68,"column":50}},"15":{"start":{"line":69,"column":6},"end":{"line":69,"column":64}},"16":{"start":{"line":70,"column":6},"end":{"line":70,"column":12}},"17":{"start":{"line":72,"column":6},"end":{"line":72,"column":67}},"18":{"start":{"line":73,"column":6},"end":{"line":73,"column":53}},"19":{"start":{"line":74,"column":6},"end":{"line":74,"column":67}},"20":{"start":{"line":75,"column":6},"end":{"line":75,"column":12}},"21":{"start":{"line":77,"column":6},"end":{"line":77,"column":51}},"22":{"start":{"line":78,"column":6},"end":{"line":78,"column":53}},"23":{"start":{"line":79,"column":6},"end":{"line":79,"column":51}},"24":{"start":{"line":80,"column":6},"end":{"line":80,"column":12}},"25":{"start":{"line":82,"column":6},"end":{"line":82,"column":51}},"26":{"start":{"line":83,"column":6},"end":{"line":83,"column":43}},"27":{"start":{"line":84,"column":6},"end":{"line":84,"column":64}},"28":{"start":{"line":87,"column":2},"end":{"line":87,"column":34}},"29":{"start":{"line":89,"column":2},"end":{"line":89,"column":79}}},"fnMap":{"0":{"name":"(anonymous_0)","decl":{"start":{"line":7,"column":2},"end":{"line":7,"column":3}},"loc":{"start":{"line":7,"column":21},"end":{"line":12,"column":3}}},"1":{"name":"(anonymous_1)","decl":{"start":{"line":14,"column":2},"end":{"line":14,"column":3}},"loc":{"start":{"line":14,"column":22},"end":{"line":16,"column":3}}},"2":{"name":"(anonymous_2)","decl":{"start":{"line":19,"column":2},"end":{"line":19,"column":3}},"loc":{"start":{"line":19,"column":11},"end":{"line":43,"column":3}}},"3":{"name":"(anonymous_3)","decl":{"start":{"line":33,"column":35},"end":{"line":33,"column":36}},"loc":{"start":{"line":33,"column":41},"end":{"line":33,"column":92}}},"4":{"name":"(anonymous_4)","decl":{"start":{"line":34,"column":35},"end":{"line":34,"column":36}},"loc":{"start":{"line":34,"column":41},"end":{"line":34,"column":87}}},"5":{"name":"_applyMultiLineStyles","decl":{"start":{"line":60,"column":9},"end":{"line":60,"column":30}},"loc":{"start":{"line":60,"column":33},"end":{"line":91,"column":1}}}},"branchMap":{"0":{"loc":{"start":{"line":32,"column":35},"end":{"line":32,"column":89}},"type":"binary-expr","locations":[{"start":{"line":32,"column":35},"end":{"line":32,"column":60}},{"start":{"line":32,"column":64},"end":{"line":32,"column":89}}]},"1":{"loc":{"start":{"line":38,"column":11},"end":{"line":38,"column":88}},"type":"binary-expr","locations":[{"start":{"line":38,"column":11},"end":{"line":38,"column":22}},{"start":{"line":38,"column":27},"end":{"line":38,"column":88}}]},"2":{"loc":{"start":{"line":39,"column":11},"end":{"line":39,"column":90}},"type":"binary-expr","locations":[{"start":{"line":39,"column":11},"end":{"line":39,"column":23}},{"start":{"line":39,"column":27},"end":{"line":39,"column":90}}]},"3":{"loc":{"start":{"line":65,"column":2},"end":{"line":85,"column":3}},"type":"switch","locations":[{"start":{"line":66,"column":4},"end":{"line":70,"column":12}},{"start":{"line":71,"column":4},"end":{"line":75,"column":12}},{"start":{"line":76,"column":4},"end":{"line":80,"column":12}},{"start":{"line":81,"column":4},"end":{"line":84,"column":64}}]}},"s":{"0":6,"1":6,"2":6,"3":5,"4":11,"5":11,"6":11,"7":0,"8":0,"9":6,"10":5,"11":5,"12":5,"13":1,"14":1,"15":1,"16":1,"17":1,"18":1,"19":1,"20":1,"21":1,"22":1,"23":1,"24":1,"25":2,"26":2,"27":2,"28":5,"29":5},"f":{"0":6,"1":5,"2":11,"3":0,"4":0,"5":5},"b":{"0":[11,9],"1":[11,0],"2":[11,0],"3":[1,1,1,2]},"_coverageSchema":"332fd63041d2c1bcb487cc26dd0d5f7d97098a6c","hash":"581e864054907fc5105113feda161483ca280ff5"}
,"/Users/ulantja/Workspace/compounds/src/RadioCheckGroup.js": {"path":"/Users/ulantja/Workspace/compounds/src/RadioCheckGroup.js","statementMap":{"0":{"start":{"line":5,"column":24},"end":{"line":39,"column":3}},"1":{"start":{"line":7,"column":83},"end":{"line":7,"column":88}},"2":{"start":{"line":9,"column":2},"end":{"line":38,"column":5}},"3":{"start":{"line":13,"column":12},"end":{"line":34,"column":17}},"4":{"start":{"line":20,"column":156},"end":{"line":20,"column":181}},"5":{"start":{"line":45,"column":0},"end":{"line":52,"column":2}}},"fnMap":{"0":{"name":"(anonymous_0)","decl":{"start":{"line":5,"column":24},"end":{"line":5,"column":25}},"loc":{"start":{"line":5,"column":35},"end":{"line":39,"column":3}}},"1":{"name":"(anonymous_1)","decl":{"start":{"line":12,"column":36},"end":{"line":12,"column":37}},"loc":{"start":{"line":12,"column":48},"end":{"line":35,"column":13}}},"2":{"name":"(anonymous_2)","decl":{"start":{"line":20,"column":151},"end":{"line":20,"column":152}},"loc":{"start":{"line":20,"column":156},"end":{"line":20,"column":181}}}},"branchMap":{"0":{"loc":{"start":{"line":14,"column":62},"end":{"line":14,"column":110}},"type":"cond-expr","locations":[{"start":{"line":14,"column":86},"end":{"line":14,"column":96}},{"start":{"line":14,"column":97},"end":{"line":14,"column":110}}]},"1":{"loc":{"start":{"line":20,"column":39},"end":{"line":20,"column":194}},"type":"cond-expr","locations":[{"start":{"line":20,"column":68},"end":{"line":20,"column":119}},{"start":{"line":20,"column":123},"end":{"line":20,"column":193}}]},"2":{"loc":{"start":{"line":28,"column":39},"end":{"line":28,"column":102}},"type":"cond-expr","locations":[{"start":{"line":28,"column":59},"end":{"line":28,"column":79}},{"start":{"line":28,"column":80},"end":{"line":28,"column":102}}]},"3":{"loc":{"start":{"line":30,"column":40},"end":{"line":30,"column":96}},"type":"cond-expr","locations":[{"start":{"line":30,"column":60},"end":{"line":30,"column":81}},{"start":{"line":30,"column":82},"end":{"line":30,"column":96}}]}},"s":{"0":6,"1":1,"2":1,"3":2,"4":4,"5":6},"f":{"0":1,"1":2,"2":4},"b":{"0":[2,0],"1":[0,2],"2":[2,0],"3":[2,0]},"_coverageSchema":"332fd63041d2c1bcb487cc26dd0d5f7d97098a6c","hash":"f126b4f0ba65b62a6794993e049f225a294e1420"}
,"/Users/ulantja/Workspace/compounds/src/Select.js": {"path":"/Users/ulantja/Workspace/compounds/src/Select.js","statementMap":{"0":{"start":{"line":9,"column":4},"end":{"line":9,"column":17}},"1":{"start":{"line":10,"column":4},"end":{"line":10,"column":20}},"2":{"start":{"line":12,"column":4},"end":{"line":12,"column":59}},"3":{"start":{"line":17,"column":4},"end":{"line":17,"column":29}},"4":{"start":{"line":23,"column":166},"end":{"line":23,"column":176}},"5":{"start":{"line":24,"column":116},"end":{"line":24,"column":126}},"6":{"start":{"line":26,"column":6},"end":{"line":46,"column":7}},"7":{"start":{"line":34,"column":43},"end":{"line":34,"column":128}},"8":{"start":{"line":35,"column":43},"end":{"line":35,"column":118}},"9":{"start":{"line":38,"column":37},"end":{"line":38,"column":83}},"10":{"start":{"line":56,"column":0},"end":{"line":65,"column":2}},"11":{"start":{"line":70,"column":156},"end":{"line":70,"column":166}},"12":{"start":{"line":71,"column":38},"end":{"line":71,"column":48}},"13":{"start":{"line":73,"column":8},"end":{"line":106,"column":9}},"14":{"start":{"line":75,"column":12},"end":{"line":75,"column":74}},"15":{"start":{"line":76,"column":12},"end":{"line":76,"column":98}},"16":{"start":{"line":77,"column":12},"end":{"line":77,"column":82}},"17":{"start":{"line":78,"column":12},"end":{"line":78,"column":112}},"18":{"start":{"line":79,"column":12},"end":{"line":79,"column":74}},"19":{"start":{"line":80,"column":12},"end":{"line":80,"column":118}},"20":{"start":{"line":81,"column":12},"end":{"line":81,"column":18}},"21":{"start":{"line":83,"column":12},"end":{"line":83,"column":73}},"22":{"start":{"line":84,"column":12},"end":{"line":84,"column":108}},"23":{"start":{"line":85,"column":12},"end":{"line":85,"column":33}},"24":{"start":{"line":86,"column":12},"end":{"line":86,"column":41}},"25":{"start":{"line":87,"column":12},"end":{"line":87,"column":108}},"26":{"start":{"line":88,"column":12},"end":{"line":88,"column":73}},"27":{"start":{"line":89,"column":12},"end":{"line":89,"column":18}},"28":{"start":{"line":91,"column":12},"end":{"line":91,"column":57}},"29":{"start":{"line":92,"column":12},"end":{"line":92,"column":103}},"30":{"start":{"line":93,"column":12},"end":{"line":93,"column":33}},"31":{"start":{"line":94,"column":12},"end":{"line":94,"column":41}},"32":{"start":{"line":95,"column":12},"end":{"line":95,"column":108}},"33":{"start":{"line":96,"column":12},"end":{"line":96,"column":57}},"34":{"start":{"line":97,"column":12},"end":{"line":97,"column":18}},"35":{"start":{"line":99,"column":12},"end":{"line":99,"column":57}},"36":{"start":{"line":100,"column":12},"end":{"line":100,"column":93}},"37":{"start":{"line":101,"column":12},"end":{"line":101,"column":72}},"38":{"start":{"line":102,"column":12},"end":{"line":102,"column":91}},"39":{"start":{"line":103,"column":12},"end":{"line":103,"column":70}},"40":{"start":{"line":105,"column":12},"end":{"line":105,"column":106}},"41":{"start":{"line":108,"column":8},"end":{"line":108,"column":39}},"42":{"start":{"line":109,"column":8},"end":{"line":109,"column":43}},"43":{"start":{"line":111,"column":8},"end":{"line":111,"column":163}}},"fnMap":{"0":{"name":"(anonymous_0)","decl":{"start":{"line":8,"column":2},"end":{"line":8,"column":3}},"loc":{"start":{"line":8,"column":20},"end":{"line":14,"column":3}}},"1":{"name":"(anonymous_1)","decl":{"start":{"line":16,"column":2},"end":{"line":16,"column":3}},"loc":{"start":{"line":16,"column":22},"end":{"line":18,"column":3}}},"2":{"name":"(anonymous_2)","decl":{"start":{"line":21,"column":2},"end":{"line":21,"column":3}},"loc":{"start":{"line":21,"column":11},"end":{"line":48,"column":3}}},"3":{"name":"(anonymous_3)","decl":{"start":{"line":34,"column":37},"end":{"line":34,"column":38}},"loc":{"start":{"line":34,"column":43},"end":{"line":34,"column":128}}},"4":{"name":"(anonymous_4)","decl":{"start":{"line":35,"column":37},"end":{"line":35,"column":38}},"loc":{"start":{"line":35,"column":43},"end":{"line":35,"column":118}}},"5":{"name":"(anonymous_5)","decl":{"start":{"line":38,"column":27},"end":{"line":38,"column":28}},"loc":{"start":{"line":38,"column":37},"end":{"line":38,"column":83}}},"6":{"name":"_applySelectStyles","decl":{"start":{"line":68,"column":9},"end":{"line":68,"column":27}},"loc":{"start":{"line":68,"column":30},"end":{"line":113,"column":1}}}},"branchMap":{"0":{"loc":{"start":{"line":33,"column":36},"end":{"line":33,"column":90}},"type":"binary-expr","locations":[{"start":{"line":33,"column":36},"end":{"line":33,"column":61}},{"start":{"line":33,"column":65},"end":{"line":33,"column":90}}]},"1":{"loc":{"start":{"line":40,"column":13},"end":{"line":40,"column":52}},"type":"binary-expr","locations":[{"start":{"line":40,"column":13},"end":{"line":40,"column":18}},{"start":{"line":40,"column":22},"end":{"line":40,"column":52}}]},"2":{"loc":{"start":{"line":43,"column":11},"end":{"line":43,"column":88}},"type":"binary-expr","locations":[{"start":{"line":43,"column":11},"end":{"line":43,"column":22}},{"start":{"line":43,"column":27},"end":{"line":43,"column":88}}]},"3":{"loc":{"start":{"line":44,"column":11},"end":{"line":44,"column":90}},"type":"binary-expr","locations":[{"start":{"line":44,"column":11},"end":{"line":44,"column":23}},{"start":{"line":44,"column":27},"end":{"line":44,"column":90}}]},"4":{"loc":{"start":{"line":73,"column":8},"end":{"line":106,"column":9}},"type":"switch","locations":[{"start":{"line":74,"column":10},"end":{"line":81,"column":18}},{"start":{"line":82,"column":10},"end":{"line":89,"column":18}},{"start":{"line":90,"column":10},"end":{"line":97,"column":18}},{"start":{"line":98,"column":10},"end":{"line":105,"column":106}}]},"5":{"loc":{"start":{"line":76,"column":34},"end":{"line":76,"column":97}},"type":"cond-expr","locations":[{"start":{"line":76,"column":42},"end":{"line":76,"column":70}},{"start":{"line":76,"column":73},"end":{"line":76,"column":97}}]},"6":{"loc":{"start":{"line":77,"column":34},"end":{"line":77,"column":81}},"type":"cond-expr","locations":[{"start":{"line":77,"column":42},"end":{"line":77,"column":67}},{"start":{"line":77,"column":79},"end":{"line":77,"column":81}}]},"7":{"loc":{"start":{"line":78,"column":34},"end":{"line":78,"column":111}},"type":"cond-expr","locations":[{"start":{"line":78,"column":42},"end":{"line":78,"column":75}},{"start":{"line":78,"column":84},"end":{"line":78,"column":111}}]},"8":{"loc":{"start":{"line":80,"column":34},"end":{"line":80,"column":117}},"type":"cond-expr","locations":[{"start":{"line":80,"column":42},"end":{"line":80,"column":81}},{"start":{"line":80,"column":84},"end":{"line":80,"column":117}}]},"9":{"loc":{"start":{"line":84,"column":30},"end":{"line":84,"column":107}},"type":"cond-expr","locations":[{"start":{"line":84,"column":38},"end":{"line":84,"column":69}},{"start":{"line":84,"column":77},"end":{"line":84,"column":107}}]},"10":{"loc":{"start":{"line":87,"column":30},"end":{"line":87,"column":107}},"type":"cond-expr","locations":[{"start":{"line":87,"column":38},"end":{"line":87,"column":74}},{"start":{"line":87,"column":77},"end":{"line":87,"column":107}}]},"11":{"loc":{"start":{"line":92,"column":30},"end":{"line":92,"column":102}},"type":"cond-expr","locations":[{"start":{"line":92,"column":38},"end":{"line":92,"column":69}},{"start":{"line":92,"column":72},"end":{"line":92,"column":102}}]},"12":{"loc":{"start":{"line":95,"column":30},"end":{"line":95,"column":107}},"type":"cond-expr","locations":[{"start":{"line":95,"column":38},"end":{"line":95,"column":74}},{"start":{"line":95,"column":77},"end":{"line":95,"column":107}}]},"13":{"loc":{"start":{"line":100,"column":30},"end":{"line":100,"column":92}},"type":"cond-expr","locations":[{"start":{"line":100,"column":38},"end":{"line":100,"column":61}},{"start":{"line":100,"column":69},"end":{"line":100,"column":92}}]},"14":{"loc":{"start":{"line":101,"column":30},"end":{"line":101,"column":71}},"type":"cond-expr","locations":[{"start":{"line":101,"column":38},"end":{"line":101,"column":58}},{"start":{"line":101,"column":69},"end":{"line":101,"column":71}}]},"15":{"loc":{"start":{"line":102,"column":30},"end":{"line":102,"column":90}},"type":"cond-expr","locations":[{"start":{"line":102,"column":38},"end":{"line":102,"column":66}},{"start":{"line":102,"column":69},"end":{"line":102,"column":90}}]},"16":{"loc":{"start":{"line":105,"column":34},"end":{"line":105,"column":105}},"type":"cond-expr","locations":[{"start":{"line":105,"column":42},"end":{"line":105,"column":75}},{"start":{"line":105,"column":78},"end":{"line":105,"column":105}}]}},"s":{"0":6,"1":6,"2":6,"3":3,"4":11,"5":11,"6":11,"7":0,"8":0,"9":22,"10":6,"11":5,"12":5,"13":5,"14":1,"15":1,"16":1,"17":1,"18":1,"19":1,"20":1,"21":1,"22":1,"23":1,"24":1,"25":1,"26":1,"27":1,"28":1,"29":1,"30":1,"31":1,"32":1,"33":1,"34":1,"35":2,"36":2,"37":2,"38":2,"39":2,"40":2,"41":5,"42":5,"43":5},"f":{"0":6,"1":3,"2":11,"3":0,"4":0,"5":22,"6":5},"b":{"0":[11,9],"1":[11,0],"2":[11,0],"3":[11,0],"4":[1,1,1,2],"5":[0,1],"6":[0,1],"7":[0,1],"8":[0,1],"9":[0,1],"10":[0,1],"11":[0,1],"12":[0,1],"13":[0,2],"14":[0,2],"15":[0,2],"16":[0,2]},"_coverageSchema":"332fd63041d2c1bcb487cc26dd0d5f7d97098a6c","hash":"07935816791ec074c3ef60b2457a8683967893a6"}
,"/Users/ulantja/Workspace/compounds/src/TextInput.js": {"path":"/Users/ulantja/Workspace/compounds/src/TextInput.js","statementMap":{"0":{"start":{"line":8,"column":4},"end":{"line":8,"column":17}},"1":{"start":{"line":10,"column":35},"end":{"line":10,"column":45}},"2":{"start":{"line":12,"column":4},"end":{"line":15,"column":6}},"3":{"start":{"line":17,"column":4},"end":{"line":17,"column":59}},"4":{"start":{"line":18,"column":4},"end":{"line":18,"column":65}},"5":{"start":{"line":23,"column":4},"end":{"line":23,"column":32}},"6":{"start":{"line":28,"column":140},"end":{"line":28,"column":150}},"7":{"start":{"line":29,"column":114},"end":{"line":29,"column":124}},"8":{"start":{"line":31,"column":4},"end":{"line":52,"column":6}},"9":{"start":{"line":42,"column":31},"end":{"line":42,"column":77}},"10":{"start":{"line":43,"column":31},"end":{"line":43,"column":72}},"11":{"start":{"line":60,"column":0},"end":{"line":70,"column":2}},"12":{"start":{"line":74,"column":55},"end":{"line":74,"column":65}},"13":{"start":{"line":75,"column":55},"end":{"line":75,"column":65}},"14":{"start":{"line":77,"column":34},"end":{"line":77,"column":93}},"15":{"start":{"line":78,"column":34},"end":{"line":78,"column":89}},"16":{"start":{"line":80,"column":2},"end":{"line":80,"column":106}},"17":{"start":{"line":85,"column":92},"end":{"line":85,"column":102}},"18":{"start":{"line":86,"column":32},"end":{"line":86,"column":42}},"19":{"start":{"line":88,"column":2},"end":{"line":116,"column":3}},"20":{"start":{"line":90,"column":6},"end":{"line":90,"column":64}},"21":{"start":{"line":91,"column":6},"end":{"line":91,"column":90}},"22":{"start":{"line":92,"column":6},"end":{"line":92,"column":65}},"23":{"start":{"line":93,"column":6},"end":{"line":93,"column":101}},"24":{"start":{"line":94,"column":6},"end":{"line":94,"column":64}},"25":{"start":{"line":95,"column":6},"end":{"line":95,"column":12}},"26":{"start":{"line":97,"column":6},"end":{"line":97,"column":67}},"27":{"start":{"line":98,"column":6},"end":{"line":98,"column":71}},"28":{"start":{"line":99,"column":6},"end":{"line":99,"column":27}},"29":{"start":{"line":100,"column":6},"end":{"line":100,"column":114}},"30":{"start":{"line":101,"column":6},"end":{"line":101,"column":67}},"31":{"start":{"line":102,"column":6},"end":{"line":102,"column":12}},"32":{"start":{"line":104,"column":6},"end":{"line":104,"column":51}},"33":{"start":{"line":105,"column":6},"end":{"line":105,"column":55}},"34":{"start":{"line":106,"column":6},"end":{"line":106,"column":27}},"35":{"start":{"line":107,"column":6},"end":{"line":107,"column":51}},"36":{"start":{"line":108,"column":6},"end":{"line":108,"column":51}},"37":{"start":{"line":109,"column":6},"end":{"line":109,"column":12}},"38":{"start":{"line":111,"column":6},"end":{"line":111,"column":51}},"39":{"start":{"line":112,"column":6},"end":{"line":112,"column":83}},"40":{"start":{"line":113,"column":6},"end":{"line":113,"column":64}},"41":{"start":{"line":114,"column":6},"end":{"line":114,"column":94}},"42":{"start":{"line":115,"column":6},"end":{"line":115,"column":64}},"43":{"start":{"line":118,"column":2},"end":{"line":118,"column":29}},"44":{"start":{"line":120,"column":2},"end":{"line":120,"column":99}}},"fnMap":{"0":{"name":"(anonymous_0)","decl":{"start":{"line":7,"column":2},"end":{"line":7,"column":3}},"loc":{"start":{"line":7,"column":21},"end":{"line":20,"column":3}}},"1":{"name":"(anonymous_1)","decl":{"start":{"line":22,"column":2},"end":{"line":22,"column":3}},"loc":{"start":{"line":22,"column":22},"end":{"line":24,"column":3}}},"2":{"name":"(anonymous_2)","decl":{"start":{"line":26,"column":2},"end":{"line":26,"column":3}},"loc":{"start":{"line":26,"column":11},"end":{"line":54,"column":3}}},"3":{"name":"(anonymous_3)","decl":{"start":{"line":42,"column":25},"end":{"line":42,"column":26}},"loc":{"start":{"line":42,"column":31},"end":{"line":42,"column":77}}},"4":{"name":"(anonymous_4)","decl":{"start":{"line":43,"column":25},"end":{"line":43,"column":26}},"loc":{"start":{"line":43,"column":31},"end":{"line":43,"column":72}}},"5":{"name":"_togglePassword","decl":{"start":{"line":73,"column":9},"end":{"line":73,"column":24}},"loc":{"start":{"line":73,"column":27},"end":{"line":82,"column":1}}},"6":{"name":"_applyTextInputStyles","decl":{"start":{"line":84,"column":9},"end":{"line":84,"column":30}},"loc":{"start":{"line":84,"column":33},"end":{"line":122,"column":1}}}},"branchMap":{"0":{"loc":{"start":{"line":13,"column":29},"end":{"line":13,"column":43}},"type":"binary-expr","locations":[{"start":{"line":13,"column":29},"end":{"line":13,"column":37}},{"start":{"line":13,"column":41},"end":{"line":13,"column":43}}]},"1":{"loc":{"start":{"line":14,"column":29},"end":{"line":14,"column":59}},"type":"cond-expr","locations":[{"start":{"line":14,"column":40},"end":{"line":14,"column":50}},{"start":{"line":14,"column":53},"end":{"line":14,"column":59}}]},"2":{"loc":{"start":{"line":40,"column":25},"end":{"line":40,"column":79}},"type":"binary-expr","locations":[{"start":{"line":40,"column":25},"end":{"line":40,"column":50}},{"start":{"line":40,"column":54},"end":{"line":40,"column":79}}]},"3":{"loc":{"start":{"line":47,"column":9},"end":{"line":47,"column":69}},"type":"binary-expr","locations":[{"start":{"line":47,"column":9},"end":{"line":47,"column":35}},{"start":{"line":47,"column":39},"end":{"line":47,"column":69}}]},"4":{"loc":{"start":{"line":48,"column":9},"end":{"line":48,"column":178}},"type":"binary-expr","locations":[{"start":{"line":48,"column":9},"end":{"line":48,"column":17}},{"start":{"line":48,"column":25},"end":{"line":48,"column":178}}]},"5":{"loc":{"start":{"line":49,"column":9},"end":{"line":49,"column":86}},"type":"binary-expr","locations":[{"start":{"line":49,"column":9},"end":{"line":49,"column":20}},{"start":{"line":49,"column":25},"end":{"line":49,"column":86}}]},"6":{"loc":{"start":{"line":50,"column":9},"end":{"line":50,"column":88}},"type":"binary-expr","locations":[{"start":{"line":50,"column":9},"end":{"line":50,"column":21}},{"start":{"line":50,"column":25},"end":{"line":50,"column":88}}]},"7":{"loc":{"start":{"line":77,"column":34},"end":{"line":77,"column":93}},"type":"cond-expr","locations":[{"start":{"line":77,"column":74},"end":{"line":77,"column":80}},{"start":{"line":77,"column":83},"end":{"line":77,"column":93}}]},"8":{"loc":{"start":{"line":78,"column":34},"end":{"line":78,"column":89}},"type":"cond-expr","locations":[{"start":{"line":78,"column":70},"end":{"line":78,"column":78}},{"start":{"line":78,"column":81},"end":{"line":78,"column":89}}]},"9":{"loc":{"start":{"line":88,"column":2},"end":{"line":116,"column":3}},"type":"switch","locations":[{"start":{"line":89,"column":4},"end":{"line":95,"column":12}},{"start":{"line":96,"column":4},"end":{"line":102,"column":12}},{"start":{"line":103,"column":4},"end":{"line":109,"column":12}},{"start":{"line":110,"column":4},"end":{"line":115,"column":64}}]},"10":{"loc":{"start":{"line":91,"column":24},"end":{"line":91,"column":89}},"type":"cond-expr","locations":[{"start":{"line":91,"column":32},"end":{"line":91,"column":59}},{"start":{"line":91,"column":62},"end":{"line":91,"column":89}}]},"11":{"loc":{"start":{"line":92,"column":24},"end":{"line":92,"column":64}},"type":"cond-expr","locations":[{"start":{"line":92,"column":32},"end":{"line":92,"column":57}},{"start":{"line":92,"column":62},"end":{"line":92,"column":64}}]},"12":{"loc":{"start":{"line":93,"column":24},"end":{"line":93,"column":101}},"type":"cond-expr","locations":[{"start":{"line":93,"column":32},"end":{"line":93,"column":65}},{"start":{"line":93,"column":69},"end":{"line":93,"column":101}}]},"13":{"loc":{"start":{"line":98,"column":24},"end":{"line":98,"column":70}},"type":"cond-expr","locations":[{"start":{"line":98,"column":32},"end":{"line":98,"column":46}},{"start":{"line":98,"column":49},"end":{"line":98,"column":70}}]},"14":{"loc":{"start":{"line":100,"column":24},"end":{"line":100,"column":113}},"type":"cond-expr","locations":[{"start":{"line":100,"column":32},"end":{"line":100,"column":68}},{"start":{"line":100,"column":71},"end":{"line":100,"column":113}}]},"15":{"loc":{"start":{"line":112,"column":24},"end":{"line":112,"column":82}},"type":"cond-expr","locations":[{"start":{"line":112,"column":32},"end":{"line":112,"column":46}},{"start":{"line":112,"column":61},"end":{"line":112,"column":82}}]},"16":{"loc":{"start":{"line":113,"column":24},"end":{"line":113,"column":63}},"type":"cond-expr","locations":[{"start":{"line":113,"column":32},"end":{"line":113,"column":52}},{"start":{"line":113,"column":61},"end":{"line":113,"column":63}}]},"17":{"loc":{"start":{"line":114,"column":24},"end":{"line":114,"column":93}},"type":"cond-expr","locations":[{"start":{"line":114,"column":32},"end":{"line":114,"column":58}},{"start":{"line":114,"column":61},"end":{"line":114,"column":93}}]}},"s":{"0":8,"1":8,"2":8,"3":8,"4":8,"5":5,"6":16,"7":16,"8":16,"9":0,"10":0,"11":6,"12":1,"13":1,"14":1,"15":1,"16":1,"17":7,"18":7,"19":7,"20":1,"21":1,"22":1,"23":1,"24":1,"25":1,"26":1,"27":1,"28":1,"29":1,"30":1,"31":1,"32":1,"33":1,"34":1,"35":1,"36":1,"37":1,"38":4,"39":4,"40":4,"41":4,"42":4,"43":7,"44":7},"f":{"0":8,"1":5,"2":16,"3":0,"4":0,"5":1,"6":7},"b":{"0":[8,8],"1":[2,6],"2":[16,14],"3":[16,14],"4":[16,5],"5":[16,0],"6":[16,0],"7":[1,0],"8":[0,1],"9":[1,1,1,4],"10":[0,1],"11":[0,1],"12":[0,1],"13":[0,1],"14":[0,1],"15":[0,4],"16":[0,4],"17":[0,4]},"_coverageSchema":"332fd63041d2c1bcb487cc26dd0d5f7d97098a6c","hash":"70edd068d3de01a7be9662fde99f84791ba110b4"}
}
