TN:
SF:/Users/ulantja/Workspace/compounds/src/Button.js
FN:4,(anonymous_0)
FNF:1
FNH:1
FNDA:22,(anonymous_0)
DA:4,6
DA:6,22
DA:10,22
DA:11,12
DA:14,22
DA:15,10
DA:19,22
DA:27,6
LF:8
LH:8
BRDA:10,0,0,12
BRDA:10,0,1,10
BRDA:11,1,0,6
BRDA:11,1,1,6
BRDA:14,2,0,10
BRDA:14,2,1,12
BRDA:15,3,0,7
BRDA:15,3,1,3
BRF:8
BRH:8
end_of_record
TN:
SF:/Users/ulantja/Workspace/compounds/src/Icon.js
FN:6,(anonymous_0)
FNF:1
FNH:1
FNDA:5,(anonymous_0)
DA:6,6
DA:8,5
DA:10,5
DA:11,5
DA:12,5
DA:13,5
DA:16,5
DA:36,6
LF:8
LH:8
BRDA:11,0,0,3
BRDA:11,0,1,2
BRDA:12,1,0,3
BRDA:12,1,1,2
BRDA:13,2,0,3
BRDA:13,2,1,2
BRDA:26,3,0,5
BRDA:26,3,1,3
BRF:8
BRH:8
end_of_record
TN:
SF:/Users/ulantja/Workspace/compounds/src/MultiLineText.js
FN:7,(anonymous_0)
FN:14,(anonymous_1)
FN:19,(anonymous_2)
FN:33,(anonymous_3)
FN:34,(anonymous_4)
FN:60,_applyMultiLineStyles
FNF:6
FNH:4
FNDA:6,(anonymous_0)
FNDA:5,(anonymous_1)
FNDA:11,(anonymous_2)
FNDA:0,(anonymous_3)
FNDA:0,(anonymous_4)
FNDA:5,_applyMultiLineStyles
DA:8,6
DA:9,6
DA:11,6
DA:15,5
DA:21,11
DA:22,11
DA:24,11
DA:33,0
DA:34,0
DA:51,6
DA:62,5
DA:63,5
DA:65,5
DA:67,1
DA:68,1
DA:69,1
DA:70,1
DA:72,1
DA:73,1
DA:74,1
DA:75,1
DA:77,1
DA:78,1
DA:79,1
DA:80,1
DA:82,2
DA:83,2
DA:84,2
DA:87,5
DA:89,5
LF:30
LH:28
BRDA:32,0,0,11
BRDA:32,0,1,9
BRDA:38,1,0,11
BRDA:38,1,1,0
BRDA:39,2,0,11
BRDA:39,2,1,0
BRDA:65,3,0,1
BRDA:65,3,1,1
BRDA:65,3,2,1
BRDA:65,3,3,2
BRF:10
BRH:8
end_of_record
TN:
SF:/Users/ulantja/Workspace/compounds/src/RadioCheckGroup.js
FN:5,(anonymous_0)
FN:12,(anonymous_1)
FN:20,(anonymous_2)
FNF:3
FNH:3
FNDA:1,(anonymous_0)
FNDA:2,(anonymous_1)
FNDA:4,(anonymous_2)
DA:5,6
DA:7,1
DA:9,1
DA:13,2
DA:20,4
DA:45,6
LF:6
LH:6
BRDA:14,0,0,2
BRDA:14,0,1,0
BRDA:20,1,0,0
BRDA:20,1,1,2
BRDA:28,2,0,2
BRDA:28,2,1,0
BRDA:30,3,0,2
BRDA:30,3,1,0
BRF:8
BRH:4
end_of_record
TN:
SF:/Users/ulantja/Workspace/compounds/src/Select.js
FN:8,(anonymous_0)
FN:16,(anonymous_1)
FN:21,(anonymous_2)
FN:34,(anonymous_3)
FN:35,(anonymous_4)
FN:38,(anonymous_5)
FN:68,_applySelectStyles
FNF:7
FNH:5
FNDA:6,(anonymous_0)
FNDA:3,(anonymous_1)
FNDA:11,(anonymous_2)
FNDA:0,(anonymous_3)
FNDA:0,(anonymous_4)
FNDA:22,(anonymous_5)
FNDA:5,_applySelectStyles
DA:9,6
DA:10,6
DA:12,6
DA:17,3
DA:23,11
DA:24,11
DA:26,11
DA:34,0
DA:35,0
DA:38,22
DA:56,6
DA:70,5
DA:71,5
DA:73,5
DA:75,1
DA:76,1
DA:77,1
DA:78,1
DA:79,1
DA:80,1
DA:81,1
DA:83,1
DA:84,1
DA:85,1
DA:86,1
DA:87,1
DA:88,1
DA:89,1
DA:91,1
DA:92,1
DA:93,1
DA:94,1
DA:95,1
DA:96,1
DA:97,1
DA:99,2
DA:100,2
DA:101,2
DA:102,2
DA:103,2
DA:105,2
DA:108,5
DA:109,5
DA:111,5
LF:44
LH:42
BRDA:33,0,0,11
BRDA:33,0,1,9
BRDA:40,1,0,11
BRDA:40,1,1,0
BRDA:43,2,0,11
BRDA:43,2,1,0
BRDA:44,3,0,11
BRDA:44,3,1,0
BRDA:73,4,0,1
BRDA:73,4,1,1
BRDA:73,4,2,1
BRDA:73,4,3,2
BRDA:76,5,0,0
BRDA:76,5,1,1
BRDA:77,6,0,0
BRDA:77,6,1,1
BRDA:78,7,0,0
BRDA:78,7,1,1
BRDA:80,8,0,0
BRDA:80,8,1,1
BRDA:84,9,0,0
BRDA:84,9,1,1
BRDA:87,10,0,0
BRDA:87,10,1,1
BRDA:92,11,0,0
BRDA:92,11,1,1
BRDA:95,12,0,0
BRDA:95,12,1,1
BRDA:100,13,0,0
BRDA:100,13,1,2
BRDA:101,14,0,0
BRDA:101,14,1,2
BRDA:102,15,0,0
BRDA:102,15,1,2
BRDA:105,16,0,0
BRDA:105,16,1,2
BRF:36
BRH:21
end_of_record
TN:
SF:/Users/ulantja/Workspace/compounds/src/TextInput.js
FN:7,(anonymous_0)
FN:22,(anonymous_1)
FN:26,(anonymous_2)
FN:42,(anonymous_3)
FN:43,(anonymous_4)
FN:73,_togglePassword
FN:84,_applyTextInputStyles
FNF:7
FNH:5
FNDA:8,(anonymous_0)
FNDA:5,(anonymous_1)
FNDA:16,(anonymous_2)
FNDA:0,(anonymous_3)
FNDA:0,(anonymous_4)
FNDA:1,_togglePassword
FNDA:7,_applyTextInputStyles
DA:8,8
DA:10,8
DA:12,8
DA:17,8
DA:18,8
DA:23,5
DA:28,16
DA:29,16
DA:31,16
DA:42,0
DA:43,0
DA:60,6
DA:74,1
DA:75,1
DA:77,1
DA:78,1
DA:80,1
DA:85,7
DA:86,7
DA:88,7
DA:90,1
DA:91,1
DA:92,1
DA:93,1
DA:94,1
DA:95,1
DA:97,1
DA:98,1
DA:99,1
DA:100,1
DA:101,1
DA:102,1
DA:104,1
DA:105,1
DA:106,1
DA:107,1
DA:108,1
DA:109,1
DA:111,4
DA:112,4
DA:113,4
DA:114,4
DA:115,4
DA:118,7
DA:120,7
LF:45
LH:43
BRDA:13,0,0,8
BRDA:13,0,1,8
BRDA:14,1,0,2
BRDA:14,1,1,6
BRDA:40,2,0,16
BRDA:40,2,1,14
BRDA:47,3,0,16
BRDA:47,3,1,14
BRDA:48,4,0,16
BRDA:48,4,1,5
BRDA:49,5,0,16
BRDA:49,5,1,0
BRDA:50,6,0,16
BRDA:50,6,1,0
BRDA:77,7,0,1
BRDA:77,7,1,0
BRDA:78,8,0,0
BRDA:78,8,1,1
BRDA:88,9,0,1
BRDA:88,9,1,1
BRDA:88,9,2,1
BRDA:88,9,3,4
BRDA:91,10,0,0
BRDA:91,10,1,1
BRDA:92,11,0,0
BRDA:92,11,1,1
BRDA:93,12,0,0
BRDA:93,12,1,1
BRDA:98,13,0,0
BRDA:98,13,1,1
BRDA:100,14,0,0
BRDA:100,14,1,1
BRDA:112,15,0,0
BRDA:112,15,1,4
BRDA:113,16,0,0
BRDA:113,16,1,4
BRDA:114,17,0,0
BRDA:114,17,1,4
BRF:38
BRH:26
end_of_record
