TN:
SF:/Users/mac/Workspace/components/compounds/src/Button.js
FN:4,(anonymous_0)
FNF:1
FNH:1
FNDA:22,(anonymous_0)
DA:4,12
DA:6,22
DA:8,22
DA:10,22
DA:11,0
DA:13,22
DA:14,10
DA:18,22
DA:26,12
LF:9
LH:8
BRDA:8,0,0,13
BRDA:8,0,1,9
BRDA:10,1,0,0
BRDA:10,1,1,22
BRDA:13,2,0,10
BRDA:13,2,1,12
BRDA:14,3,0,7
BRDA:14,3,1,3
BRF:8
BRH:7
end_of_record
TN:
SF:/Users/mac/Workspace/components/compounds/src/Icon.js
FN:6,(anonymous_0)
FNF:1
FNH:1
FNDA:9,(anonymous_0)
DA:6,12
DA:8,9
DA:10,9
DA:12,9
DA:29,12
LF:5
LH:5
BRDA:10,0,0,6
BRDA:10,0,1,3
BRDA:14,1,0,6
BRDA:14,1,1,3
BRDA:15,2,0,6
BRDA:15,2,1,3
BRDA:19,3,0,9
BRDA:19,3,1,6
BRF:8
BRH:8
end_of_record
TN:
SF:/Users/mac/Workspace/components/compounds/src/MultiLineText.js
FN:7,(anonymous_0)
FN:14,(anonymous_1)
FN:19,(anonymous_2)
FN:39,(anonymous_3)
FN:40,(anonymous_4)
FN:68,_applyMultiLineStyles
FNF:6
FNH:4
FNDA:5,(anonymous_0)
FNDA:4,(anonymous_1)
FNDA:9,(anonymous_2)
FNDA:0,(anonymous_3)
FNDA:0,(anonymous_4)
FNDA:4,_applyMultiLineStyles
DA:8,5
DA:9,5
DA:11,5
DA:15,4
DA:21,9
DA:22,9
DA:24,9
DA:25,9
DA:27,9
DA:39,0
DA:40,0
DA:57,12
DA:70,4
DA:71,4
DA:73,4
DA:75,1
DA:76,1
DA:77,1
DA:78,1
DA:80,0
DA:81,0
DA:82,0
DA:83,0
DA:85,1
DA:86,1
DA:87,1
DA:88,1
DA:90,2
DA:91,2
DA:92,2
DA:95,4
DA:97,4
LF:32
LH:26
BRDA:24,0,0,0
BRDA:24,0,1,9
BRDA:24,1,0,9
BRDA:24,1,1,2
BRDA:25,2,0,0
BRDA:25,2,1,9
BRDA:44,3,0,9
BRDA:44,3,1,0
BRDA:45,4,0,9
BRDA:45,4,1,2
BRDA:45,4,2,0
BRDA:73,5,0,1
BRDA:73,5,1,0
BRDA:73,5,2,1
BRDA:73,5,3,2
BRF:15
BRH:10
end_of_record
TN:
SF:/Users/mac/Workspace/components/compounds/src/RadioCheckGroup.js
FN:5,(anonymous_0)
FN:12,(anonymous_1)
FN:20,(anonymous_2)
FNF:3
FNH:3
FNDA:1,(anonymous_0)
FNDA:2,(anonymous_1)
FNDA:4,(anonymous_2)
DA:5,12
DA:7,1
DA:9,1
DA:13,2
DA:20,4
DA:45,12
LF:6
LH:6
BRDA:14,0,0,2
BRDA:14,0,1,0
BRDA:20,1,0,0
BRDA:20,1,1,2
BRDA:28,2,0,2
BRDA:28,2,1,0
BRDA:30,3,0,2
BRDA:30,3,1,0
BRF:8
BRH:4
end_of_record
TN:
SF:/Users/mac/Workspace/components/compounds/src/Select.js
FN:8,(anonymous_0)
FN:16,(anonymous_1)
FN:21,(anonymous_2)
FN:40,(anonymous_3)
FN:41,(anonymous_4)
FN:44,(anonymous_5)
FN:76,_applySelectStyles
FNF:7
FNH:5
FNDA:5,(anonymous_0)
FNDA:3,(anonymous_1)
FNDA:9,(anonymous_2)
FNDA:0,(anonymous_3)
FNDA:0,(anonymous_4)
FNDA:18,(anonymous_5)
FNDA:4,_applySelectStyles
DA:9,5
DA:10,5
DA:12,5
DA:17,3
DA:23,9
DA:24,9
DA:26,9
DA:27,9
DA:29,9
DA:40,0
DA:41,0
DA:44,18
DA:62,12
DA:78,4
DA:79,4
DA:81,4
DA:83,1
DA:84,1
DA:85,1
DA:86,1
DA:87,1
DA:88,1
DA:89,1
DA:91,0
DA:92,0
DA:93,0
DA:94,0
DA:95,0
DA:96,0
DA:97,0
DA:99,1
DA:100,1
DA:101,1
DA:102,1
DA:103,1
DA:104,1
DA:105,1
DA:107,2
DA:108,2
DA:109,2
DA:110,2
DA:111,2
DA:113,2
DA:116,4
DA:117,4
DA:119,4
LF:46
LH:37
BRDA:26,0,0,0
BRDA:26,0,1,9
BRDA:26,1,0,9
BRDA:26,1,1,2
BRDA:27,2,0,0
BRDA:27,2,1,9
BRDA:46,3,0,9
BRDA:46,3,1,0
BRDA:49,4,0,9
BRDA:49,4,1,0
BRDA:50,5,0,9
BRDA:50,5,1,2
BRDA:50,5,2,0
BRDA:81,6,0,1
BRDA:81,6,1,0
BRDA:81,6,2,1
BRDA:81,6,3,2
BRDA:84,7,0,0
BRDA:84,7,1,1
BRDA:85,8,0,0
BRDA:85,8,1,1
BRDA:86,9,0,0
BRDA:86,9,1,1
BRDA:88,10,0,0
BRDA:88,10,1,1
BRDA:92,11,0,0
BRDA:92,11,1,0
BRDA:95,12,0,0
BRDA:95,12,1,0
BRDA:100,13,0,0
BRDA:100,13,1,1
BRDA:103,14,0,0
BRDA:103,14,1,1
BRDA:108,15,0,0
BRDA:108,15,1,2
BRDA:109,16,0,0
BRDA:109,16,1,2
BRDA:110,17,0,0
BRDA:110,17,1,2
BRDA:113,18,0,0
BRDA:113,18,1,2
BRF:41
BRH:21
end_of_record
TN:
SF:/Users/mac/Workspace/components/compounds/src/TextInput.js
FN:7,(anonymous_0)
FN:23,(anonymous_1)
FN:27,(anonymous_2)
FN:48,(anonymous_3)
FN:49,(anonymous_4)
FN:81,_togglePassword
FN:93,_applyTextInputStyles
FNF:7
FNH:5
FNDA:12,(anonymous_0)
FNDA:9,(anonymous_1)
FNDA:26,(anonymous_2)
FNDA:0,(anonymous_3)
FNDA:0,(anonymous_4)
FNDA:3,_togglePassword
FNDA:11,_applyTextInputStyles
DA:8,12
DA:10,12
DA:12,12
DA:18,12
DA:19,12
DA:24,9
DA:29,26
DA:30,26
DA:32,26
DA:33,26
DA:35,26
DA:48,0
DA:49,0
DA:66,12
DA:82,3
DA:83,3
DA:85,3
DA:86,3
DA:87,3
DA:89,3
DA:94,11
DA:95,11
DA:97,11
DA:99,2
DA:100,2
DA:101,2
DA:102,2
DA:103,2
DA:104,2
DA:106,1
DA:107,1
DA:108,1
DA:109,1
DA:110,1
DA:112,1
DA:113,1
DA:114,1
DA:115,1
DA:116,1
DA:117,1
DA:119,7
DA:120,7
DA:121,7
DA:122,7
DA:123,7
DA:126,11
DA:128,11
LF:47
LH:45
BRDA:13,0,0,12
BRDA:13,0,1,12
BRDA:14,1,0,4
BRDA:14,1,1,8
BRDA:15,2,0,12
BRDA:15,2,1,10
BRDA:32,3,0,2
BRDA:32,3,1,24
BRDA:32,4,0,26
BRDA:32,4,1,4
BRDA:33,5,0,2
BRDA:33,5,1,24
BRDA:53,6,0,26
BRDA:53,6,1,2
BRDA:53,6,2,26
BRDA:54,7,0,26
BRDA:54,7,1,11
BRDA:55,8,0,26
BRDA:55,8,1,2
BRDA:56,9,0,26
BRDA:56,9,1,4
BRDA:56,9,2,2
BRDA:85,10,0,2
BRDA:85,10,1,1
BRDA:86,11,0,1
BRDA:86,11,1,2
BRDA:87,12,0,1
BRDA:87,12,1,2
BRDA:97,13,0,2
BRDA:97,13,1,1
BRDA:97,13,2,1
BRDA:97,13,3,7
BRDA:100,14,0,0
BRDA:100,14,1,2
BRDA:101,15,0,0
BRDA:101,15,1,2
BRDA:102,16,0,0
BRDA:102,16,1,2
BRDA:107,17,0,0
BRDA:107,17,1,1
BRDA:109,18,0,0
BRDA:109,18,1,1
BRDA:120,19,0,0
BRDA:120,19,1,7
BRDA:121,20,0,0
BRDA:121,20,1,7
BRDA:122,21,0,0
BRDA:122,21,1,7
BRF:48
BRH:40
end_of_record
TN:
SF:/Users/mac/Workspace/components/compounds/src/Dropdown/Dropdown.js
FN:29,(anonymous_0)
FN:43,(anonymous_1)
FN:48,(anonymous_2)
FN:53,(anonymous_3)
FN:61,(anonymous_4)
FN:67,(anonymous_5)
FN:121,(anonymous_6)
FN:130,(anonymous_7)
FN:179,_toggleDropdown
FN:184,_selectedItem
FNF:10
FNH:6
FNDA:6,(anonymous_0)
FNDA:0,(anonymous_1)
FNDA:1,(anonymous_2)
FNDA:0,(anonymous_3)
FNDA:0,(anonymous_4)
FNDA:2,(anonymous_5)
FNDA:8,(anonymous_6)
FNDA:5,(anonymous_7)
FNDA:1,_toggleDropdown
FNDA:0,_selectedItem
DA:30,6
DA:32,6
DA:37,6
DA:38,6
DA:39,6
DA:40,6
DA:44,0
DA:45,0
DA:49,1
DA:50,1
DA:54,0
DA:56,0
DA:57,0
DA:62,0
DA:63,0
DA:68,2
DA:69,2
DA:82,2
DA:84,2
DA:86,2
DA:87,6
DA:88,6
DA:91,6
DA:97,6
DA:118,2
DA:123,8
DA:125,8
DA:126,8
DA:128,8
DA:130,5
DA:180,1
DA:181,1
DA:185,0
DA:186,0
LF:34
LH:25
BRDA:56,0,0,0
BRDA:56,0,1,0
BRDA:56,1,0,0
BRDA:56,1,1,0
BRDA:62,2,0,0
BRDA:62,2,1,0
BRDA:84,3,0,0
BRDA:84,3,1,2
BRDA:88,4,0,0
BRDA:88,4,1,6
BRDA:97,5,0,0
BRDA:97,5,1,6
BRDA:106,6,0,6
BRDA:106,6,1,0
BRDA:125,7,0,0
BRDA:125,7,1,8
BRDA:126,8,0,0
BRDA:126,8,1,8
BRDA:133,9,0,3
BRDA:133,9,1,5
BRDA:142,10,0,1
BRDA:142,10,1,7
BRDA:155,11,0,4
BRDA:155,11,1,4
BRDA:163,12,0,8
BRDA:163,12,1,2
BRDA:186,13,0,0
BRDA:186,13,1,0
BRF:28
BRH:14
end_of_record
TN:
SF:/Users/mac/Workspace/components/compounds/src/Footer/Footer.js
FN:20,(anonymous_0)
FN:24,(anonymous_1)
FN:31,(anonymous_2)
FN:44,(anonymous_3)
FNF:4
FNH:4
FNDA:6,(anonymous_0)
FNDA:6,(anonymous_1)
FNDA:6,(anonymous_2)
FNDA:6,(anonymous_3)
DA:21,6
DA:25,6
DA:26,6
DA:32,6
DA:34,6
DA:35,12
DA:36,12
DA:41,6
DA:46,6
DA:47,6
DA:48,6
DA:50,6
LF:12
LH:12
BRDA:47,0,0,1
BRDA:47,0,1,5
BRDA:48,1,0,1
BRDA:48,1,1,5
BRF:4
BRH:4
end_of_record
TN:
SF:/Users/mac/Workspace/components/compounds/src/StaticAlert/StaticAlert.js
FN:22,(anonymous_0)
FN:30,(anonymous_1)
FN:34,(anonymous_2)
FNF:3
FNH:3
FNDA:5,(anonymous_0)
FNDA:1,(anonymous_1)
FNDA:7,(anonymous_2)
DA:23,5
DA:25,5
DA:31,1
DA:36,7
DA:37,7
DA:38,7
DA:39,7
DA:41,7
LF:8
LH:8
BRDA:37,0,0,0
BRDA:37,0,1,7
BRDA:38,1,0,0
BRDA:38,1,1,7
BRDA:39,2,0,0
BRDA:39,2,1,7
BRDA:43,3,0,7
BRDA:43,3,1,5
BRDA:53,4,0,1
BRDA:53,4,1,4
BRDA:60,5,0,4
BRDA:60,5,1,1
BRF:12
BRH:9
end_of_record
TN:
SF:/Users/mac/Workspace/components/compounds/src/Tabs/Pane.js
FN:12,(anonymous_0)
FN:16,(anonymous_1)
FNF:2
FNH:1
FNDA:0,(anonymous_0)
FNDA:2,(anonymous_1)
DA:13,0
DA:18,2
DA:26,12
LF:3
LH:2
BRDA:13,0,0,0
BRDA:13,0,1,0
BRF:2
BRH:0
end_of_record
TN:
SF:/Users/mac/Workspace/components/compounds/src/Tabs/Tabs.js
FN:23,(anonymous_0)
FN:32,(anonymous_1)
FN:36,(anonymous_2)
FN:43,(anonymous_3)
FN:48,(anonymous_4)
FN:70,(anonymous_5)
FN:71,labels
FN:78,(anonymous_7)
FN:92,(anonymous_8)
FN:98,(anonymous_9)
FN:106,(anonymous_10)
FNF:11
FNH:8
FNDA:5,(anonymous_0)
FNDA:5,(anonymous_1)
FNDA:0,(anonymous_2)
FNDA:2,(anonymous_3)
FNDA:0,(anonymous_4)
FNDA:5,(anonymous_5)
FNDA:10,labels
FNDA:0,(anonymous_7)
FNDA:2,(anonymous_8)
FNDA:5,(anonymous_9)
FNDA:5,(anonymous_10)
DA:24,5
DA:26,5
DA:33,5
DA:37,0
DA:38,0
DA:44,2
DA:45,2
DA:46,2
DA:48,2
DA:49,0
DA:50,0
DA:51,0
DA:52,0
DA:54,0
DA:55,0
DA:56,0
DA:58,0
DA:59,0
DA:60,0
DA:62,0
DA:63,0
DA:64,0
DA:72,10
DA:73,10
DA:74,10
DA:75,10
DA:77,10
DA:78,0
DA:91,5
DA:92,2
DA:99,5
DA:108,5
DA:117,12
LF:33
LH:17
BRDA:50,0,0,0
BRDA:50,0,1,0
BRDA:50,1,0,0
BRDA:50,1,1,0
BRDA:54,2,0,0
BRDA:54,2,1,0
BRDA:54,3,0,0
BRDA:54,3,1,0
BRDA:58,4,0,0
BRDA:58,4,1,0
BRDA:58,5,0,0
BRDA:58,5,1,0
BRDA:62,6,0,0
BRDA:62,6,1,0
BRDA:62,7,0,0
BRDA:62,7,1,0
BRDA:72,8,0,5
BRDA:72,8,1,5
BRDA:73,9,0,5
BRDA:73,9,1,5
BRDA:74,10,0,5
BRDA:74,10,1,5
BRDA:75,11,0,0
BRDA:75,11,1,10
BRF:24
BRH:7
end_of_record
TN:
SF:/Users/mac/Workspace/components/compounds/src/loadingSpinner/loadingSpinner.js
FN:6,(anonymous_0)
FN:10,(anonymous_1)
FNF:2
FNH:2
FNDA:1,(anonymous_0)
FNDA:1,(anonymous_1)
DA:7,1
DA:11,1
LF:2
LH:2
BRF:0
BRH:0
end_of_record
