<?xml version="1.0" encoding="UTF-8"?>
<coverage generated="1487284028364" clover="3.2.0">
  <project timestamp="1487284028364" name="All files">
    <metrics statements="60" coveredstatements="60" conditionals="31" coveredconditionals="24" methods="7" coveredmethods="7" elements="98" coveredelements="91" complexity="0" loc="60" ncloc="60" packages="1" files="5" classes="5">
      <file name="Button.js" path="/Users/ulantja/Workspace/compounds/src/Button.js">
        <metrics statements="12" coveredstatements="12" conditionals="8" coveredconditionals="8" methods="1" coveredmethods="1"/>
        <line num="4" count="5" type="stmt"/>
        <line num="6" count="22" type="stmt"/>
        <line num="10" count="22" type="stmt"/>
        <line num="11" count="12" type="stmt"/>
        <line num="12" count="6" type="stmt"/>
        <line num="14" count="6" type="stmt"/>
        <line num="18" count="22" type="stmt"/>
        <line num="19" count="10" type="stmt"/>
        <line num="20" count="7" type="stmt"/>
        <line num="22" count="3" type="stmt"/>
        <line num="26" count="22" type="stmt"/>
        <line num="32" count="5" type="stmt"/>
      </file>
      <file name="Checkbox.js" path="/Users/ulantja/Workspace/compounds/src/Checkbox.js">
        <metrics statements="2" coveredstatements="2" conditionals="0" coveredconditionals="0" methods="1" coveredmethods="1"/>
        <line num="5" count="5" type="stmt"/>
        <line num="6" count="1" type="stmt"/>
      </file>
      <file name="Icon.js" path="/Users/ulantja/Workspace/compounds/src/Icon.js">
        <metrics statements="7" coveredstatements="7" conditionals="2" coveredconditionals="2" methods="1" coveredmethods="1"/>
        <line num="4" count="5" type="stmt"/>
        <line num="6" count="5" type="stmt"/>
        <line num="8" count="5" type="stmt"/>
        <line num="9" count="3" type="stmt"/>
        <line num="11" count="3" type="stmt"/>
        <line num="25" count="2" type="stmt"/>
        <line num="38" count="5" type="stmt"/>
      </file>
      <file name="PasswordInput.js" path="/Users/ulantja/Workspace/compounds/src/PasswordInput.js">
        <metrics statements="13" coveredstatements="13" conditionals="12" coveredconditionals="6" methods="3" coveredmethods="3"/>
        <line num="6" count="2" type="stmt"/>
        <line num="8" count="2" type="stmt"/>
        <line num="14" count="2" type="stmt"/>
        <line num="18" count="3" type="stmt"/>
        <line num="19" count="3" type="stmt"/>
        <line num="21" count="3" type="stmt"/>
        <line num="22" count="3" type="stmt"/>
        <line num="23" count="3" type="stmt"/>
        <line num="24" count="3" type="stmt"/>
        <line num="26" count="3" type="stmt"/>
        <line num="40" count="1" type="stmt"/>
        <line num="41" count="1" type="stmt"/>
        <line num="42" count="1" type="stmt"/>
      </file>
      <file name="TextInput.js" path="/Users/ulantja/Workspace/compounds/src/TextInput.js">
        <metrics statements="26" coveredstatements="26" conditionals="9" coveredconditionals="8" methods="1" coveredmethods="1"/>
        <line num="3" count="5" type="stmt"/>
        <line num="5" count="6" type="stmt"/>
        <line num="7" count="6" type="stmt"/>
        <line num="8" count="6" type="stmt"/>
        <line num="9" count="6" type="stmt"/>
        <line num="12" count="6" type="stmt"/>
        <line num="14" count="1" type="stmt"/>
        <line num="15" count="1" type="stmt"/>
        <line num="16" count="1" type="stmt"/>
        <line num="17" count="1" type="stmt"/>
        <line num="19" count="2" type="stmt"/>
        <line num="20" count="2" type="stmt"/>
        <line num="21" count="2" type="stmt"/>
        <line num="22" count="2" type="stmt"/>
        <line num="24" count="1" type="stmt"/>
        <line num="25" count="1" type="stmt"/>
        <line num="26" count="1" type="stmt"/>
        <line num="27" count="1" type="stmt"/>
        <line num="29" count="1" type="stmt"/>
        <line num="30" count="1" type="stmt"/>
        <line num="31" count="1" type="stmt"/>
        <line num="32" count="1" type="stmt"/>
        <line num="34" count="1" type="stmt"/>
        <line num="35" count="1" type="stmt"/>
        <line num="36" count="1" type="stmt"/>
        <line num="40" count="6" type="stmt"/>
      </file>
    </metrics>
  </project>
</coverage>
