{"/Users/ulantja/Workspace/compounds/src/Button.js": {"path":"/Users/ulantja/Workspace/compounds/src/Button.js","statementMap":{"0":{"start":{"line":4,"column":15},"end":{"line":27,"column":1}},"1":{"start":{"line":6,"column":40},"end":{"line":6,"column":45}},"2":{"start":{"line":10,"column":2},"end":{"line":16,"column":3}},"3":{"start":{"line":11,"column":4},"end":{"line":15,"column":5}},"4":{"start":{"line":12,"column":6},"end":{"line":12,"column":25}},"5":{"start":{"line":14,"column":6},"end":{"line":14,"column":41}},"6":{"start":{"line":18,"column":2},"end":{"line":24,"column":3}},"7":{"start":{"line":19,"column":4},"end":{"line":23,"column":5}},"8":{"start":{"line":20,"column":6},"end":{"line":20,"column":37}},"9":{"start":{"line":22,"column":6},"end":{"line":22,"column":53}},"10":{"start":{"line":26,"column":2},"end":{"line":26,"column":73}},"11":{"start":{"line":32,"column":0},"end":{"line":35,"column":2}}},"fnMap":{"0":{"name":"(anonymous_0)","decl":{"start":{"line":4,"column":15},"end":{"line":4,"column":16}},"loc":{"start":{"line":4,"column":26},"end":{"line":27,"column":1}}}},"branchMap":{"0":{"loc":{"start":{"line":10,"column":2},"end":{"line":16,"column":3}},"type":"if","locations":[{"start":{"line":10,"column":2},"end":{"line":16,"column":3}},{"start":{"line":10,"column":2},"end":{"line":16,"column":3}}]},"1":{"loc":{"start":{"line":11,"column":4},"end":{"line":15,"column":5}},"type":"if","locations":[{"start":{"line":11,"column":4},"end":{"line":15,"column":5}},{"start":{"line":11,"column":4},"end":{"line":15,"column":5}}]},"2":{"loc":{"start":{"line":18,"column":2},"end":{"line":24,"column":3}},"type":"if","locations":[{"start":{"line":18,"column":2},"end":{"line":24,"column":3}},{"start":{"line":18,"column":2},"end":{"line":24,"column":3}}]},"3":{"loc":{"start":{"line":19,"column":4},"end":{"line":23,"column":5}},"type":"if","locations":[{"start":{"line":19,"column":4},"end":{"line":23,"column":5}},{"start":{"line":19,"column":4},"end":{"line":23,"column":5}}]}},"s":{"0":5,"1":22,"2":22,"3":12,"4":6,"5":6,"6":22,"7":10,"8":7,"9":3,"10":22,"11":5},"f":{"0":22},"b":{"0":[12,10],"1":[6,6],"2":[10,12],"3":[7,3]},"_coverageSchema":"332fd63041d2c1bcb487cc26dd0d5f7d97098a6c","hash":"928d5de3ae0055eb4cb342149985e232ba37cef4"}
,"/Users/ulantja/Workspace/compounds/src/Checkbox.js": {"path":"/Users/ulantja/Workspace/compounds/src/Checkbox.js","statementMap":{"0":{"start":{"line":5,"column":17},"end":{"line":13,"column":1}},"1":{"start":{"line":6,"column":2},"end":{"line":12,"column":10}}},"fnMap":{"0":{"name":"(anonymous_0)","decl":{"start":{"line":5,"column":17},"end":{"line":5,"column":18}},"loc":{"start":{"line":6,"column":2},"end":{"line":12,"column":10}}}},"branchMap":{},"s":{"0":5,"1":1},"f":{"0":1},"b":{},"_coverageSchema":"332fd63041d2c1bcb487cc26dd0d5f7d97098a6c","hash":"9f2316ca329901dde0798c28058a1156ab71e467"}
,"/Users/ulantja/Workspace/compounds/src/Icon.js": {"path":"/Users/ulantja/Workspace/compounds/src/Icon.js","statementMap":{"0":{"start":{"line":4,"column":13},"end":{"line":36,"column":1}},"1":{"start":{"line":6,"column":21},"end":{"line":6,"column":45}},"2":{"start":{"line":8,"column":2},"end":{"line":35,"column":3}},"3":{"start":{"line":9,"column":17},"end":{"line":9,"column":30}},"4":{"start":{"line":11,"column":4},"end":{"line":22,"column":6}},"5":{"start":{"line":25,"column":4},"end":{"line":34,"column":6}},"6":{"start":{"line":38,"column":0},"end":{"line":41,"column":2}}},"fnMap":{"0":{"name":"(anonymous_0)","decl":{"start":{"line":4,"column":13},"end":{"line":4,"column":14}},"loc":{"start":{"line":4,"column":24},"end":{"line":36,"column":1}}}},"branchMap":{"0":{"loc":{"start":{"line":8,"column":2},"end":{"line":35,"column":3}},"type":"if","locations":[{"start":{"line":8,"column":2},"end":{"line":35,"column":3}},{"start":{"line":8,"column":2},"end":{"line":35,"column":3}}]}},"s":{"0":5,"1":5,"2":5,"3":3,"4":3,"5":2,"6":5},"f":{"0":5},"b":{"0":[3,2]},"_coverageSchema":"332fd63041d2c1bcb487cc26dd0d5f7d97098a6c","hash":"de74c32541cb34e7ecd6867fa9075e724a8aa196"}
,"/Users/ulantja/Workspace/compounds/src/PasswordInput.js": {"path":"/Users/ulantja/Workspace/compounds/src/PasswordInput.js","statementMap":{"0":{"start":{"line":6,"column":4},"end":{"line":6,"column":16}},"1":{"start":{"line":8,"column":4},"end":{"line":12,"column":6}},"2":{"start":{"line":14,"column":4},"end":{"line":14,"column":53}},"3":{"start":{"line":18,"column":60},"end":{"line":18,"column":70}},"4":{"start":{"line":19,"column":46},"end":{"line":19,"column":56}},"5":{"start":{"line":21,"column":30},"end":{"line":21,"column":108}},"6":{"start":{"line":22,"column":30},"end":{"line":22,"column":88}},"7":{"start":{"line":23,"column":30},"end":{"line":23,"column":84}},"8":{"start":{"line":24,"column":30},"end":{"line":24,"column":60}},"9":{"start":{"line":26,"column":4},"end":{"line":33,"column":5}},"10":{"start":{"line":40,"column":20},"end":{"line":40,"column":79}},"11":{"start":{"line":41,"column":29},"end":{"line":41,"column":89}},"12":{"start":{"line":42,"column":2},"end":{"line":42,"column":48}}},"fnMap":{"0":{"name":"(anonymous_0)","decl":{"start":{"line":5,"column":2},"end":{"line":5,"column":3}},"loc":{"start":{"line":5,"column":21},"end":{"line":15,"column":3}}},"1":{"name":"(anonymous_1)","decl":{"start":{"line":17,"column":2},"end":{"line":17,"column":3}},"loc":{"start":{"line":17,"column":11},"end":{"line":34,"column":3}}},"2":{"name":"_togglePassword","decl":{"start":{"line":39,"column":9},"end":{"line":39,"column":24}},"loc":{"start":{"line":39,"column":27},"end":{"line":43,"column":1}}}},"branchMap":{"0":{"loc":{"start":{"line":21,"column":30},"end":{"line":21,"column":108}},"type":"cond-expr","locations":[{"start":{"line":21,"column":40},"end":{"line":21,"column":79}},{"start":{"line":21,"column":82},"end":{"line":21,"column":108}}]},"1":{"loc":{"start":{"line":22,"column":30},"end":{"line":22,"column":88}},"type":"cond-expr","locations":[{"start":{"line":22,"column":40},"end":{"line":22,"column":65}},{"start":{"line":22,"column":68},"end":{"line":22,"column":88}}]},"2":{"loc":{"start":{"line":23,"column":30},"end":{"line":23,"column":84}},"type":"cond-expr","locations":[{"start":{"line":23,"column":40},"end":{"line":23,"column":67}},{"start":{"line":23,"column":70},"end":{"line":23,"column":84}}]},"3":{"loc":{"start":{"line":24,"column":30},"end":{"line":24,"column":60}},"type":"cond-expr","locations":[{"start":{"line":24,"column":40},"end":{"line":24,"column":45}},{"start":{"line":24,"column":48},"end":{"line":24,"column":60}}]},"4":{"loc":{"start":{"line":40,"column":20},"end":{"line":40,"column":79}},"type":"cond-expr","locations":[{"start":{"line":40,"column":60},"end":{"line":40,"column":66}},{"start":{"line":40,"column":69},"end":{"line":40,"column":79}}]},"5":{"loc":{"start":{"line":41,"column":29},"end":{"line":41,"column":89}},"type":"cond-expr","locations":[{"start":{"line":41,"column":74},"end":{"line":41,"column":80}},{"start":{"line":41,"column":83},"end":{"line":41,"column":89}}]}},"s":{"0":2,"1":2,"2":2,"3":3,"4":3,"5":3,"6":3,"7":3,"8":3,"9":3,"10":1,"11":1,"12":1},"f":{"0":2,"1":3,"2":1},"b":{"0":[0,3],"1":[0,3],"2":[0,3],"3":[0,3],"4":[1,0],"5":[1,0]},"_coverageSchema":"332fd63041d2c1bcb487cc26dd0d5f7d97098a6c","hash":"5d967b102429ab3dab4ca9bba761785c3cf6b663"}
,"/Users/ulantja/Workspace/compounds/src/TextInput.js": {"path":"/Users/ulantja/Workspace/compounds/src/TextInput.js","statementMap":{"0":{"start":{"line":3,"column":18},"end":{"line":56,"column":2}},"1":{"start":{"line":5,"column":43},"end":{"line":5,"column":48}},"2":{"start":{"line":7,"column":19},"end":{"line":7,"column":21}},"3":{"start":{"line":8,"column":19},"end":{"line":8,"column":21}},"4":{"start":{"line":9,"column":19},"end":{"line":9,"column":21}},"5":{"start":{"line":12,"column":2},"end":{"line":37,"column":3}},"6":{"start":{"line":14,"column":4},"end":{"line":14,"column":44}},"7":{"start":{"line":15,"column":4},"end":{"line":15,"column":32}},"8":{"start":{"line":16,"column":4},"end":{"line":16,"column":38}},"9":{"start":{"line":17,"column":4},"end":{"line":17,"column":10}},"10":{"start":{"line":19,"column":4},"end":{"line":19,"column":57}},"11":{"start":{"line":20,"column":4},"end":{"line":20,"column":45}},"12":{"start":{"line":21,"column":4},"end":{"line":21,"column":43}},"13":{"start":{"line":22,"column":4},"end":{"line":22,"column":10}},"14":{"start":{"line":24,"column":4},"end":{"line":24,"column":60}},"15":{"start":{"line":25,"column":4},"end":{"line":25,"column":32}},"16":{"start":{"line":26,"column":4},"end":{"line":26,"column":20}},"17":{"start":{"line":27,"column":4},"end":{"line":27,"column":10}},"18":{"start":{"line":29,"column":4},"end":{"line":29,"column":44}},"19":{"start":{"line":30,"column":4},"end":{"line":30,"column":48}},"20":{"start":{"line":31,"column":4},"end":{"line":31,"column":20}},"21":{"start":{"line":32,"column":4},"end":{"line":32,"column":10}},"22":{"start":{"line":34,"column":4},"end":{"line":34,"column":44}},"23":{"start":{"line":35,"column":4},"end":{"line":35,"column":32}},"24":{"start":{"line":36,"column":4},"end":{"line":36,"column":20}},"25":{"start":{"line":40,"column":2},"end":{"line":56,"column":1}}},"fnMap":{"0":{"name":"(anonymous_0)","decl":{"start":{"line":3,"column":18},"end":{"line":3,"column":19}},"loc":{"start":{"line":3,"column":29},"end":{"line":56,"column":2}}}},"branchMap":{"0":{"loc":{"start":{"line":12,"column":2},"end":{"line":37,"column":3}},"type":"switch","locations":[{"start":{"line":13,"column":2},"end":{"line":17,"column":10}},{"start":{"line":18,"column":2},"end":{"line":22,"column":10}},{"start":{"line":23,"column":2},"end":{"line":27,"column":10}},{"start":{"line":28,"column":2},"end":{"line":32,"column":10}},{"start":{"line":33,"column":2},"end":{"line":36,"column":20}}]},"1":{"loc":{"start":{"line":50,"column":20},"end":{"line":50,"column":60}},"type":"cond-expr","locations":[{"start":{"line":50,"column":42},"end":{"line":50,"column":52}},{"start":{"line":50,"column":55},"end":{"line":50,"column":60}}]},"2":{"loc":{"start":{"line":51,"column":20},"end":{"line":51,"column":60}},"type":"cond-expr","locations":[{"start":{"line":51,"column":42},"end":{"line":51,"column":52}},{"start":{"line":51,"column":55},"end":{"line":51,"column":60}}]}},"s":{"0":5,"1":6,"2":6,"3":6,"4":6,"5":6,"6":1,"7":1,"8":1,"9":1,"10":2,"11":2,"12":2,"13":2,"14":1,"15":1,"16":1,"17":1,"18":1,"19":1,"20":1,"21":1,"22":1,"23":1,"24":1,"25":6},"f":{"0":6},"b":{"0":[1,2,1,1,1],"1":[1,5],"2":[0,6]},"_coverageSchema":"332fd63041d2c1bcb487cc26dd0d5f7d97098a6c","hash":"4f2b68428c65bbadbb2af86b8e0e229101b53c0c"}
}
