TN:
SF:/Users/ulantja/Workspace/compounds/src/Button.js
FN:4,(anonymous_0)
FNF:1
FNH:1
FNDA:22,(anonymous_0)
DA:4,5
DA:6,22
DA:10,22
DA:11,12
DA:12,6
DA:14,6
DA:18,22
DA:19,10
DA:20,7
DA:22,3
DA:26,22
DA:32,5
LF:12
LH:12
BRDA:10,0,0,12
BRDA:10,0,1,10
BRDA:11,1,0,6
BRDA:11,1,1,6
BRDA:18,2,0,10
BRDA:18,2,1,12
BRDA:19,3,0,7
BRDA:19,3,1,3
BRF:8
BRH:8
end_of_record
TN:
SF:/Users/ulantja/Workspace/compounds/src/Checkbox.js
FN:5,(anonymous_0)
FNF:1
FNH:1
FNDA:1,(anonymous_0)
DA:5,5
DA:6,1
LF:2
LH:2
BRF:0
BRH:0
end_of_record
TN:
SF:/Users/ulantja/Workspace/compounds/src/Icon.js
FN:4,(anonymous_0)
FNF:1
FNH:1
FNDA:5,(anonymous_0)
DA:4,5
DA:6,5
DA:8,5
DA:9,3
DA:11,3
DA:25,2
DA:38,5
LF:7
LH:7
BRDA:8,0,0,3
BRDA:8,0,1,2
BRF:2
BRH:2
end_of_record
TN:
SF:/Users/ulantja/Workspace/compounds/src/PasswordInput.js
FN:5,(anonymous_0)
FN:17,(anonymous_1)
FN:39,_togglePassword
FNF:3
FNH:3
FNDA:2,(anonymous_0)
FNDA:3,(anonymous_1)
FNDA:1,_togglePassword
DA:6,2
DA:8,2
DA:14,2
DA:18,3
DA:19,3
DA:21,3
DA:22,3
DA:23,3
DA:24,3
DA:26,3
DA:40,1
DA:41,1
DA:42,1
LF:13
LH:13
BRDA:21,0,0,0
BRDA:21,0,1,3
BRDA:22,1,0,0
BRDA:22,1,1,3
BRDA:23,2,0,0
BRDA:23,2,1,3
BRDA:24,3,0,0
BRDA:24,3,1,3
BRDA:40,4,0,1
BRDA:40,4,1,0
BRDA:41,5,0,1
BRDA:41,5,1,0
BRF:12
BRH:6
end_of_record
TN:
SF:/Users/ulantja/Workspace/compounds/src/TextInput.js
FN:3,(anonymous_0)
FNF:1
FNH:1
FNDA:6,(anonymous_0)
DA:3,5
DA:5,6
DA:7,6
DA:8,6
DA:9,6
DA:12,6
DA:14,1
DA:15,1
DA:16,1
DA:17,1
DA:19,2
DA:20,2
DA:21,2
DA:22,2
DA:24,1
DA:25,1
DA:26,1
DA:27,1
DA:29,1
DA:30,1
DA:31,1
DA:32,1
DA:34,1
DA:35,1
DA:36,1
DA:40,6
LF:26
LH:26
BRDA:12,0,0,1
BRDA:12,0,1,2
BRDA:12,0,2,1
BRDA:12,0,3,1
BRDA:12,0,4,1
BRDA:50,1,0,1
BRDA:50,1,1,5
BRDA:51,2,0,0
BRDA:51,2,1,6
BRF:9
BRH:8
end_of_record
